This is pdfTeX, Version 3.14159265-2.6-1.40.18 (TeX Live 2017/Debian) (preloaded format=pdflatex 2017.11.22)  30 JAN 2018 01:24
entering extended mode
 restricted \write18 enabled.
 %&-line parsing enabled.
**main.tex
(./main.tex
LaTeX2e <2017-04-15>
Babel <3.12> and hyphenation patterns for 84 language(s) loaded.
(/usr/share/texlive/texmf-dist/tex/latex/mwcls/mwrep.cls
Document Class: mwrep 2017/05/13 v0.75 A LaTeX document class (MW)
*** Beta version. Formatting may change
*** in future versions of this class.
(/usr/share/texlive/texmf-dist/tex/latex/mwcls/mw12.clo
File: mw12.clo 2017/05/13 v0.75 A document class size option (MW)
)
\@parindent=\dimen102
\c@part=\count79
\c@chapter=\count80
\c@section=\count81
\c@subsection=\count82
\c@subsubsection=\count83
\c@paragraph=\count84
\c@subparagraph=\count85
\c@figure=\count86
\c@table=\count87
\abovecaptionskip=\skip41
\belowcaptionskip=\skip42
\bibindent=\dimen103
)
(/usr/share/texlive/texmf-dist/tex/latex/polski/polski.sty
Package: polski 2017/05/04 v1.3.4 Polish language package

   Switching to Polish text encoding and Polish maths fonts.
(/usr/share/texlive/texmf-dist/tex/latex/base/ot4enc.def
File: ot4enc.def 2017/04/05 v2.0i Standard LaTeX file
)
LaTeX Font Info:    Try loading font information for OT4+cmr on input line 360.


(/usr/share/texlive/texmf-dist/tex/latex/polski/ot4cmr.fd
File: ot4cmr.fd 2008/02/24 v1.2.1 Font defs for fonts PL (MW)
)
LaTeX Font Info:    Overwriting math alphabet `\mathbf' in version `normal'
(Font)                  OT1/cmr/bx/n --> OT4/cmr/bx/n on input line 360.
LaTeX Font Info:    Overwriting math alphabet `\mathsf' in version `normal'
(Font)                  OT1/cmss/m/n --> OT4/cmss/m/n on input line 360.
LaTeX Font Info:    Overwriting math alphabet `\mathit' in version `normal'
(Font)                  OT1/cmr/m/it --> OT4/cmr/m/it on input line 360.
LaTeX Font Info:    Overwriting math alphabet `\mathtt' in version `normal'
(Font)                  OT1/cmtt/m/n --> OT4/cmtt/m/n on input line 360.
LaTeX Font Info:    Overwriting math alphabet `\mathsf' in version `bold'
(Font)                  OT1/cmss/bx/n --> OT4/cmss/bx/n on input line 360.
LaTeX Font Info:    Overwriting math alphabet `\mathit' in version `bold'
(Font)                  OT1/cmr/bx/it --> OT4/cmr/bx/it on input line 360.
LaTeX Font Info:    Encoding `OT1' has changed to `OT4' for symbol font
(Font)              `operators' in the math version `normal' on input line 360.

LaTeX Font Info:    Overwriting symbol font `operators' in version `normal'
(Font)                  OT1/cmr/m/n --> OT4/cmr/m/n on input line 360.
LaTeX Font Info:    Overwriting symbol font `letters' in version `normal'
(Font)                  OML/cmm/m/it --> OML/plm/m/it on input line 360.
LaTeX Font Info:    Overwriting symbol font `symbols' in version `normal'
(Font)                  OMS/cmsy/m/n --> OMS/plsy/m/n on input line 360.
LaTeX Font Info:    Overwriting symbol font `largesymbols' in version `normal'
(Font)                  OMX/cmex/m/n --> OMX/plex/m/n on input line 360.
LaTeX Font Info:    Encoding `OT1' has changed to `OT4' for symbol font
(Font)              `operators' in the math version `bold' on input line 360.
LaTeX Font Info:    Overwriting symbol font `operators' in version `bold'
(Font)                  OT1/cmr/bx/n --> OT4/cmr/bx/n on input line 360.
LaTeX Font Info:    Overwriting symbol font `letters' in version `bold'
(Font)                  OML/cmm/b/it --> OML/plm/b/it on input line 360.
LaTeX Font Info:    Overwriting symbol font `symbols' in version `bold'
(Font)                  OMS/cmsy/b/n --> OMS/plsy/b/n on input line 360.
)
(/usr/share/texlive/texmf-dist/tex/latex/psnfss/helvet.sty
Package: helvet 2005/04/12 PSNFSS-v9.2a (WaS) 

(/usr/share/texlive/texmf-dist/tex/latex/graphics/keyval.sty
Package: keyval 2014/10/28 v1.15 key=value parser (DPC)
\KV@toks@=\toks14
))
(/usr/share/texlive/texmf-dist/tex/latex/base/fontenc.sty
Package: fontenc 2017/04/05 v2.0i Standard LaTeX package

(/usr/share/texlive/texmf-dist/tex/latex/base/t1enc.def
File: t1enc.def 2017/04/05 v2.0i Standard LaTeX file
LaTeX Font Info:    Redeclaring font encoding T1 on input line 48.
))
(/usr/share/texlive/texmf-dist/tex/latex/anyfontsize/anyfontsize.sty
Package: anyfontsize 2007/11/22 anyfontsize.sty by pts
)
(/usr/share/texlive/texmf-dist/tex/latex/base/inputenc.sty
Package: inputenc 2015/03/17 v1.2c Input encoding file
\inpenc@prehook=\toks15
\inpenc@posthook=\toks16

(/usr/share/texlive/texmf-dist/tex/latex/base/utf8.def
File: utf8.def 2017/01/28 v1.1t UTF-8 support for inputenc
Now handling font encoding OML ...
... no UTF-8 mapping file for font encoding OML
Now handling font encoding T1 ...
... processing UTF-8 mapping file for font encoding T1

(/usr/share/texlive/texmf-dist/tex/latex/base/t1enc.dfu
File: t1enc.dfu 2017/01/28 v1.1t UTF-8 support for inputenc
   defining Unicode char U+00A0 (decimal 160)
   defining Unicode char U+00A1 (decimal 161)
   defining Unicode char U+00A3 (decimal 163)
   defining Unicode char U+00AB (decimal 171)
   defining Unicode char U+00AD (decimal 173)
   defining Unicode char U+00BB (decimal 187)
   defining Unicode char U+00BF (decimal 191)
   defining Unicode char U+00C0 (decimal 192)
   defining Unicode char U+00C1 (decimal 193)
   defining Unicode char U+00C2 (decimal 194)
   defining Unicode char U+00C3 (decimal 195)
   defining Unicode char U+00C4 (decimal 196)
   defining Unicode char U+00C5 (decimal 197)
   defining Unicode char U+00C6 (decimal 198)
   defining Unicode char U+00C7 (decimal 199)
   defining Unicode char U+00C8 (decimal 200)
   defining Unicode char U+00C9 (decimal 201)
   defining Unicode char U+00CA (decimal 202)
   defining Unicode char U+00CB (decimal 203)
   defining Unicode char U+00CC (decimal 204)
   defining Unicode char U+00CD (decimal 205)
   defining Unicode char U+00CE (decimal 206)
   defining Unicode char U+00CF (decimal 207)
   defining Unicode char U+00D0 (decimal 208)
   defining Unicode char U+00D1 (decimal 209)
   defining Unicode char U+00D2 (decimal 210)
   defining Unicode char U+00D3 (decimal 211)
   defining Unicode char U+00D4 (decimal 212)
   defining Unicode char U+00D5 (decimal 213)
   defining Unicode char U+00D6 (decimal 214)
   defining Unicode char U+00D8 (decimal 216)
   defining Unicode char U+00D9 (decimal 217)
   defining Unicode char U+00DA (decimal 218)
   defining Unicode char U+00DB (decimal 219)
   defining Unicode char U+00DC (decimal 220)
   defining Unicode char U+00DD (decimal 221)
   defining Unicode char U+00DE (decimal 222)
   defining Unicode char U+00DF (decimal 223)
   defining Unicode char U+00E0 (decimal 224)
   defining Unicode char U+00E1 (decimal 225)
   defining Unicode char U+00E2 (decimal 226)
   defining Unicode char U+00E3 (decimal 227)
   defining Unicode char U+00E4 (decimal 228)
   defining Unicode char U+00E5 (decimal 229)
   defining Unicode char U+00E6 (decimal 230)
   defining Unicode char U+00E7 (decimal 231)
   defining Unicode char U+00E8 (decimal 232)
   defining Unicode char U+00E9 (decimal 233)
   defining Unicode char U+00EA (decimal 234)
   defining Unicode char U+00EB (decimal 235)
   defining Unicode char U+00EC (decimal 236)
   defining Unicode char U+00ED (decimal 237)
   defining Unicode char U+00EE (decimal 238)
   defining Unicode char U+00EF (decimal 239)
   defining Unicode char U+00F0 (decimal 240)
   defining Unicode char U+00F1 (decimal 241)
   defining Unicode char U+00F2 (decimal 242)
   defining Unicode char U+00F3 (decimal 243)
   defining Unicode char U+00F4 (decimal 244)
   defining Unicode char U+00F5 (decimal 245)
   defining Unicode char U+00F6 (decimal 246)
   defining Unicode char U+00F8 (decimal 248)
   defining Unicode char U+00F9 (decimal 249)
   defining Unicode char U+00FA (decimal 250)
   defining Unicode char U+00FB (decimal 251)
   defining Unicode char U+00FC (decimal 252)
   defining Unicode char U+00FD (decimal 253)
   defining Unicode char U+00FE (decimal 254)
   defining Unicode char U+00FF (decimal 255)
   defining Unicode char U+0100 (decimal 256)
   defining Unicode char U+0101 (decimal 257)
   defining Unicode char U+0102 (decimal 258)
   defining Unicode char U+0103 (decimal 259)
   defining Unicode char U+0104 (decimal 260)
   defining Unicode char U+0105 (decimal 261)
   defining Unicode char U+0106 (decimal 262)
   defining Unicode char U+0107 (decimal 263)
   defining Unicode char U+0108 (decimal 264)
   defining Unicode char U+0109 (decimal 265)
   defining Unicode char U+010A (decimal 266)
   defining Unicode char U+010B (decimal 267)
   defining Unicode char U+010C (decimal 268)
   defining Unicode char U+010D (decimal 269)
   defining Unicode char U+010E (decimal 270)
   defining Unicode char U+010F (decimal 271)
   defining Unicode char U+0110 (decimal 272)
   defining Unicode char U+0111 (decimal 273)
   defining Unicode char U+0112 (decimal 274)
   defining Unicode char U+0113 (decimal 275)
   defining Unicode char U+0114 (decimal 276)
   defining Unicode char U+0115 (decimal 277)
   defining Unicode char U+0116 (decimal 278)
   defining Unicode char U+0117 (decimal 279)
   defining Unicode char U+0118 (decimal 280)
   defining Unicode char U+0119 (decimal 281)
   defining Unicode char U+011A (decimal 282)
   defining Unicode char U+011B (decimal 283)
   defining Unicode char U+011C (decimal 284)
   defining Unicode char U+011D (decimal 285)
   defining Unicode char U+011E (decimal 286)
   defining Unicode char U+011F (decimal 287)
   defining Unicode char U+0120 (decimal 288)
   defining Unicode char U+0121 (decimal 289)
   defining Unicode char U+0122 (decimal 290)
   defining Unicode char U+0123 (decimal 291)
   defining Unicode char U+0124 (decimal 292)
   defining Unicode char U+0125 (decimal 293)
   defining Unicode char U+0128 (decimal 296)
   defining Unicode char U+0129 (decimal 297)
   defining Unicode char U+012A (decimal 298)
   defining Unicode char U+012B (decimal 299)
   defining Unicode char U+012C (decimal 300)
   defining Unicode char U+012D (decimal 301)
   defining Unicode char U+012E (decimal 302)
   defining Unicode char U+012F (decimal 303)
   defining Unicode char U+0130 (decimal 304)
   defining Unicode char U+0131 (decimal 305)
   defining Unicode char U+0132 (decimal 306)
   defining Unicode char U+0133 (decimal 307)
   defining Unicode char U+0134 (decimal 308)
   defining Unicode char U+0135 (decimal 309)
   defining Unicode char U+0136 (decimal 310)
   defining Unicode char U+0137 (decimal 311)
   defining Unicode char U+0139 (decimal 313)
   defining Unicode char U+013A (decimal 314)
   defining Unicode char U+013B (decimal 315)
   defining Unicode char U+013C (decimal 316)
   defining Unicode char U+013D (decimal 317)
   defining Unicode char U+013E (decimal 318)
   defining Unicode char U+0141 (decimal 321)
   defining Unicode char U+0142 (decimal 322)
   defining Unicode char U+0143 (decimal 323)
   defining Unicode char U+0144 (decimal 324)
   defining Unicode char U+0145 (decimal 325)
   defining Unicode char U+0146 (decimal 326)
   defining Unicode char U+0147 (decimal 327)
   defining Unicode char U+0148 (decimal 328)
   defining Unicode char U+014A (decimal 330)
   defining Unicode char U+014B (decimal 331)
   defining Unicode char U+014C (decimal 332)
   defining Unicode char U+014D (decimal 333)
   defining Unicode char U+014E (decimal 334)
   defining Unicode char U+014F (decimal 335)
   defining Unicode char U+0150 (decimal 336)
   defining Unicode char U+0151 (decimal 337)
   defining Unicode char U+0152 (decimal 338)
   defining Unicode char U+0153 (decimal 339)
   defining Unicode char U+0154 (decimal 340)
   defining Unicode char U+0155 (decimal 341)
   defining Unicode char U+0156 (decimal 342)
   defining Unicode char U+0157 (decimal 343)
   defining Unicode char U+0158 (decimal 344)
   defining Unicode char U+0159 (decimal 345)
   defining Unicode char U+015A (decimal 346)
   defining Unicode char U+015B (decimal 347)
   defining Unicode char U+015C (decimal 348)
   defining Unicode char U+015D (decimal 349)
   defining Unicode char U+015E (decimal 350)
   defining Unicode char U+015F (decimal 351)
   defining Unicode char U+0160 (decimal 352)
   defining Unicode char U+0161 (decimal 353)
   defining Unicode char U+0162 (decimal 354)
   defining Unicode char U+0163 (decimal 355)
   defining Unicode char U+0164 (decimal 356)
   defining Unicode char U+0165 (decimal 357)
   defining Unicode char U+0168 (decimal 360)
   defining Unicode char U+0169 (decimal 361)
   defining Unicode char U+016A (decimal 362)
   defining Unicode char U+016B (decimal 363)
   defining Unicode char U+016C (decimal 364)
   defining Unicode char U+016D (decimal 365)
   defining Unicode char U+016E (decimal 366)
   defining Unicode char U+016F (decimal 367)
   defining Unicode char U+0170 (decimal 368)
   defining Unicode char U+0171 (decimal 369)
   defining Unicode char U+0172 (decimal 370)
   defining Unicode char U+0173 (decimal 371)
   defining Unicode char U+0174 (decimal 372)
   defining Unicode char U+0175 (decimal 373)
   defining Unicode char U+0176 (decimal 374)
   defining Unicode char U+0177 (decimal 375)
   defining Unicode char U+0178 (decimal 376)
   defining Unicode char U+0179 (decimal 377)
   defining Unicode char U+017A (decimal 378)
   defining Unicode char U+017B (decimal 379)
   defining Unicode char U+017C (decimal 380)
   defining Unicode char U+017D (decimal 381)
   defining Unicode char U+017E (decimal 382)
   defining Unicode char U+01CD (decimal 461)
   defining Unicode char U+01CE (decimal 462)
   defining Unicode char U+01CF (decimal 463)
   defining Unicode char U+01D0 (decimal 464)
   defining Unicode char U+01D1 (decimal 465)
   defining Unicode char U+01D2 (decimal 466)
   defining Unicode char U+01D3 (decimal 467)
   defining Unicode char U+01D4 (decimal 468)
   defining Unicode char U+01E2 (decimal 482)
   defining Unicode char U+01E3 (decimal 483)
   defining Unicode char U+01E6 (decimal 486)
   defining Unicode char U+01E7 (decimal 487)
   defining Unicode char U+01E8 (decimal 488)
   defining Unicode char U+01E9 (decimal 489)
   defining Unicode char U+01EA (decimal 490)
   defining Unicode char U+01EB (decimal 491)
   defining Unicode char U+01F0 (decimal 496)
   defining Unicode char U+01F4 (decimal 500)
   defining Unicode char U+01F5 (decimal 501)
   defining Unicode char U+0218 (decimal 536)
   defining Unicode char U+0219 (decimal 537)
   defining Unicode char U+021A (decimal 538)
   defining Unicode char U+021B (decimal 539)
   defining Unicode char U+0232 (decimal 562)
   defining Unicode char U+0233 (decimal 563)
   defining Unicode char U+1E02 (decimal 7682)
   defining Unicode char U+1E03 (decimal 7683)
   defining Unicode char U+200C (decimal 8204)
   defining Unicode char U+2010 (decimal 8208)
   defining Unicode char U+2011 (decimal 8209)
   defining Unicode char U+2012 (decimal 8210)
   defining Unicode char U+2013 (decimal 8211)
   defining Unicode char U+2014 (decimal 8212)
   defining Unicode char U+2015 (decimal 8213)
   defining Unicode char U+2018 (decimal 8216)
   defining Unicode char U+2019 (decimal 8217)
   defining Unicode char U+201A (decimal 8218)
   defining Unicode char U+201C (decimal 8220)
   defining Unicode char U+201D (decimal 8221)
   defining Unicode char U+201E (decimal 8222)
   defining Unicode char U+2030 (decimal 8240)
   defining Unicode char U+2031 (decimal 8241)
   defining Unicode char U+2039 (decimal 8249)
   defining Unicode char U+203A (decimal 8250)
   defining Unicode char U+2423 (decimal 9251)
   defining Unicode char U+1E20 (decimal 7712)
   defining Unicode char U+1E21 (decimal 7713)
)
Now handling font encoding OT1 ...
... processing UTF-8 mapping file for font encoding OT1

(/usr/share/texlive/texmf-dist/tex/latex/base/ot1enc.dfu
File: ot1enc.dfu 2017/01/28 v1.1t UTF-8 support for inputenc
   defining Unicode char U+00A0 (decimal 160)
   defining Unicode char U+00A1 (decimal 161)
   defining Unicode char U+00A3 (decimal 163)
   defining Unicode char U+00AD (decimal 173)
   defining Unicode char U+00B8 (decimal 184)
   defining Unicode char U+00BF (decimal 191)
   defining Unicode char U+00C5 (decimal 197)
   defining Unicode char U+00C6 (decimal 198)
   defining Unicode char U+00D8 (decimal 216)
   defining Unicode char U+00DF (decimal 223)
   defining Unicode char U+00E6 (decimal 230)
   defining Unicode char U+00EC (decimal 236)
   defining Unicode char U+00ED (decimal 237)
   defining Unicode char U+00EE (decimal 238)
   defining Unicode char U+00EF (decimal 239)
   defining Unicode char U+00F8 (decimal 248)
   defining Unicode char U+0131 (decimal 305)
   defining Unicode char U+0141 (decimal 321)
   defining Unicode char U+0142 (decimal 322)
   defining Unicode char U+0152 (decimal 338)
   defining Unicode char U+0153 (decimal 339)
   defining Unicode char U+0174 (decimal 372)
   defining Unicode char U+0175 (decimal 373)
   defining Unicode char U+0176 (decimal 374)
   defining Unicode char U+0177 (decimal 375)
   defining Unicode char U+0218 (decimal 536)
   defining Unicode char U+0219 (decimal 537)
   defining Unicode char U+021A (decimal 538)
   defining Unicode char U+021B (decimal 539)
   defining Unicode char U+2013 (decimal 8211)
   defining Unicode char U+2014 (decimal 8212)
   defining Unicode char U+2018 (decimal 8216)
   defining Unicode char U+2019 (decimal 8217)
   defining Unicode char U+201C (decimal 8220)
   defining Unicode char U+201D (decimal 8221)
)
Now handling font encoding OMS ...
... processing UTF-8 mapping file for font encoding OMS

(/usr/share/texlive/texmf-dist/tex/latex/base/omsenc.dfu
File: omsenc.dfu 2017/01/28 v1.1t UTF-8 support for inputenc
   defining Unicode char U+00A7 (decimal 167)
   defining Unicode char U+00B6 (decimal 182)
   defining Unicode char U+00B7 (decimal 183)
   defining Unicode char U+2020 (decimal 8224)
   defining Unicode char U+2021 (decimal 8225)
   defining Unicode char U+2022 (decimal 8226)
)
Now handling font encoding OMX ...
... no UTF-8 mapping file for font encoding OMX
Now handling font encoding U ...
... no UTF-8 mapping file for font encoding U
Now handling font encoding OT4 ...
... no UTF-8 mapping file for font encoding OT4
   defining Unicode char U+00A9 (decimal 169)
   defining Unicode char U+00AA (decimal 170)
   defining Unicode char U+00AE (decimal 174)
   defining Unicode char U+00BA (decimal 186)
   defining Unicode char U+02C6 (decimal 710)
   defining Unicode char U+02DC (decimal 732)
   defining Unicode char U+200C (decimal 8204)
   defining Unicode char U+2026 (decimal 8230)
   defining Unicode char U+2122 (decimal 8482)
   defining Unicode char U+2423 (decimal 9251)
))
(/usr/share/texlive/texmf-dist/tex/latex/graphics/graphicx.sty
Package: graphicx 2017/06/01 v1.1a Enhanced LaTeX Graphics (DPC,SPQR)

(/usr/share/texlive/texmf-dist/tex/latex/graphics/graphics.sty
Package: graphics 2017/06/25 v1.2c Standard LaTeX Graphics (DPC,SPQR)

(/usr/share/texlive/texmf-dist/tex/latex/graphics/trig.sty
Package: trig 2016/01/03 v1.10 sin cos tan (DPC)
)
(/usr/share/texlive/texmf-dist/tex/latex/graphics-cfg/graphics.cfg
File: graphics.cfg 2016/06/04 v1.11 sample graphics configuration
)
Package graphics Info: Driver file: pdftex.def on input line 99.

(/usr/share/texlive/texmf-dist/tex/latex/graphics-def/pdftex.def
File: pdftex.def 2017/06/24 v1.0g Graphics/color driver for pdftex
))
\Gin@req@height=\dimen104
\Gin@req@width=\dimen105
)
(/usr/share/texlive/texmf-dist/tex/latex/tools/tabularx.sty
Package: tabularx 2016/02/03 v2.11 `tabularx' package (DPC)

(/usr/share/texlive/texmf-dist/tex/latex/tools/array.sty
Package: array 2016/10/06 v2.4d Tabular extension package (FMi)
\col@sep=\dimen106
\extrarowheight=\dimen107
\NC@list=\toks17
\extratabsurround=\skip43
\backup@length=\skip44
)
\TX@col@width=\dimen108
\TX@old@table=\dimen109
\TX@old@col=\dimen110
\TX@target=\dimen111
\TX@delta=\dimen112
\TX@cols=\count88
\TX@ftn=\toks18
)
(/usr/share/texlive/texmf-dist/tex/generic/babel/babel.sty
Package: babel 2017/06/29 3.12 The Babel package

(/usr/share/texlive/texmf-dist/tex/generic/babel/switch.def
File: switch.def 2017/06/29 3.12 Babel switching mechanism
)
(/usr/share/texlive/texmf-dist/tex/generic/babel-polish/polish.ldf
Language: polish 2005/03/31 v1.2l Polish support from the babel system

(/usr/share/texlive/texmf-dist/tex/generic/babel/babel.def
File: babel.def 2017/06/29 3.12 Babel common definitions

(/usr/share/texlive/texmf-dist/tex/generic/babel/switch.def
File: switch.def 2017/06/29 3.12 Babel switching mechanism
)
\babel@savecnt=\count89
\U@D=\dimen113
)
Package babel Info: Making " an active character on input line 83.
\pl@left=\dimen114
\pl@down=\dimen115
\pl@right=\dimen116
\pl@temp=\dimen117
))
(/usr/share/texlive/texmf-dist/tex/latex/subfigure/subfigure.sty
Package: subfigure 2002/03/15 v2.1.5 subfigure package
\subfigtopskip=\skip45
\subfigcapskip=\skip46
\subfigcaptopadj=\dimen118
\subfigbottomskip=\skip47
\subfigcapmargin=\dimen119
\subfiglabelskip=\skip48
\c@subfigure=\count90
\c@lofdepth=\count91
\c@subtable=\count92
\c@lotdepth=\count93

****************************************
* Local config file subfigure.cfg used *
****************************************
(/usr/share/texlive/texmf-dist/tex/latex/subfigure/subfigure.cfg)
\subfig@top=\skip49
\subfig@bottom=\skip50
)
(/usr/share/texlive/texmf-dist/tex/latex/amsfonts/amsfonts.sty
Package: amsfonts 2013/01/14 v3.01 Basic AMSFonts support
\@emptytoks=\toks19
\symAMSa=\mathgroup4
\symAMSb=\mathgroup5
LaTeX Font Info:    Overwriting math alphabet `\mathfrak' in version `bold'
(Font)                  U/euf/m/n --> U/euf/b/n on input line 106.
)
(/usr/share/texlive/texmf-dist/tex/latex/was/gensymb.sty
Package: gensymb 2003/07/02 v1.0 (WaS)
)
(/usr/share/texlive/texmf-dist/tex/latex/tools/verbatim.sty
Package: verbatim 2014/10/28 v1.5q LaTeX2e package for verbatim enhancements
\every@verbatim=\toks20
\verbatim@line=\toks21
\verbatim@in@stream=\read1
)
(/usr/share/texlive/texmf-dist/tex/latex/tools/indentfirst.sty
Package: indentfirst 1995/11/23 v1.03 Indent first paragraph (DPC)
)
(/usr/share/texlive/texmf-dist/tex/latex/hyperref/hyperref.sty
Package: hyperref 2017/03/14 v6.85a Hypertext links for LaTeX

(/usr/share/texlive/texmf-dist/tex/generic/oberdiek/hobsub-hyperref.sty
Package: hobsub-hyperref 2016/05/16 v1.14 Bundle oberdiek, subset hyperref (HO)


(/usr/share/texlive/texmf-dist/tex/generic/oberdiek/hobsub-generic.sty
Package: hobsub-generic 2016/05/16 v1.14 Bundle oberdiek, subset generic (HO)
Package: hobsub 2016/05/16 v1.14 Construct package bundles (HO)
Package: infwarerr 2016/05/16 v1.4 Providing info/warning/error messages (HO)
Package: ltxcmds 2016/05/16 v1.23 LaTeX kernel commands for general use (HO)
Package: ifluatex 2016/05/16 v1.4 Provides the ifluatex switch (HO)
Package ifluatex Info: LuaTeX not detected.
Package: ifvtex 2016/05/16 v1.6 Detect VTeX and its facilities (HO)
Package ifvtex Info: VTeX not detected.
Package: intcalc 2016/05/16 v1.2 Expandable calculations with integers (HO)
Package: ifpdf 2017/03/15 v3.2 Provides the ifpdf switch
Package: etexcmds 2016/05/16 v1.6 Avoid name clashes with e-TeX commands (HO)
Package etexcmds Info: Could not find \expanded.
(etexcmds)             That can mean that you are not using pdfTeX 1.50 or
(etexcmds)             that some package has redefined \expanded.
(etexcmds)             In the latter case, load this package earlier.
Package: kvsetkeys 2016/05/16 v1.17 Key value parser (HO)
Package: kvdefinekeys 2016/05/16 v1.4 Define keys (HO)
Package: pdftexcmds 2017/03/19 v0.25 Utility functions of pdfTeX for LuaTeX (HO
)
Package pdftexcmds Info: LuaTeX not detected.
Package pdftexcmds Info: \pdf@primitive is available.
Package pdftexcmds Info: \pdf@ifprimitive is available.
Package pdftexcmds Info: \pdfdraftmode found.
Package: pdfescape 2016/05/16 v1.14 Implements pdfTeX's escape features (HO)
Package: bigintcalc 2016/05/16 v1.4 Expandable calculations on big integers (HO
)
Package: bitset 2016/05/16 v1.2 Handle bit-vector datatype (HO)
Package: uniquecounter 2016/05/16 v1.3 Provide unlimited unique counter (HO)
)
Package hobsub Info: Skipping package `hobsub' (already loaded).
Package: letltxmacro 2016/05/16 v1.5 Let assignment for LaTeX macros (HO)
Package: hopatch 2016/05/16 v1.3 Wrapper for package hooks (HO)
Package: xcolor-patch 2016/05/16 xcolor patch
Package: atveryend 2016/05/16 v1.9 Hooks at the very end of document (HO)
Package atveryend Info: \enddocument detected (standard20110627).
Package: atbegshi 2016/06/09 v1.18 At begin shipout hook (HO)
Package: refcount 2016/05/16 v3.5 Data extraction from label references (HO)
Package: hycolor 2016/05/16 v1.8 Color options for hyperref/bookmark (HO)
)
(/usr/share/texlive/texmf-dist/tex/generic/ifxetex/ifxetex.sty
Package: ifxetex 2010/09/12 v0.6 Provides ifxetex conditional
)
(/usr/share/texlive/texmf-dist/tex/latex/oberdiek/auxhook.sty
Package: auxhook 2016/05/16 v1.4 Hooks for auxiliary files (HO)
)
(/usr/share/texlive/texmf-dist/tex/latex/oberdiek/kvoptions.sty
Package: kvoptions 2016/05/16 v3.12 Key value format for package options (HO)
)
\@linkdim=\dimen120
\Hy@linkcounter=\count94
\Hy@pagecounter=\count95

(/usr/share/texlive/texmf-dist/tex/latex/hyperref/pd1enc.def
File: pd1enc.def 2017/03/14 v6.85a Hyperref: PDFDocEncoding definition (HO)
Now handling font encoding PD1 ...
... no UTF-8 mapping file for font encoding PD1
)
\Hy@SavedSpaceFactor=\count96

(/usr/share/texlive/texmf-dist/tex/latex/latexconfig/hyperref.cfg
File: hyperref.cfg 2002/06/06 v1.2 hyperref configuration of TeXLive
)
Package hyperref Info: Hyper figures OFF on input line 4498.
Package hyperref Info: Link nesting OFF on input line 4503.
Package hyperref Info: Hyper index ON on input line 4506.
Package hyperref Info: Plain pages OFF on input line 4513.
Package hyperref Info: Backreferencing OFF on input line 4518.
Package hyperref Info: Implicit mode ON; LaTeX internals redefined.
Package hyperref Info: Bookmarks ON on input line 4751.
\c@Hy@tempcnt=\count97

(/usr/share/texlive/texmf-dist/tex/latex/url/url.sty
\Urlmuskip=\muskip10
Package: url 2013/09/16  ver 3.4  Verb mode for urls, etc.
)
LaTeX Info: Redefining \url on input line 5104.
\XeTeXLinkMargin=\dimen121
\Fld@menulength=\count98
\Field@Width=\dimen122
\Fld@charsize=\dimen123
Package hyperref Info: Hyper figures OFF on input line 6358.
Package hyperref Info: Link nesting OFF on input line 6363.
Package hyperref Info: Hyper index ON on input line 6366.
Package hyperref Info: backreferencing OFF on input line 6373.
Package hyperref Info: Link coloring OFF on input line 6378.
Package hyperref Info: Link coloring with OCG OFF on input line 6383.
Package hyperref Info: PDF/A mode OFF on input line 6388.
LaTeX Info: Redefining \ref on input line 6428.
LaTeX Info: Redefining \pageref on input line 6432.
\Hy@abspage=\count99
\c@Item=\count100
\c@Hfootnote=\count101
)

Package hyperref Message: Driver: hpdftex.

(/usr/share/texlive/texmf-dist/tex/latex/hyperref/hpdftex.def
File: hpdftex.def 2017/03/14 v6.85a Hyperref driver for pdfTeX
\Fld@listcount=\count102
\c@bookmark@seq@number=\count103

(/usr/share/texlive/texmf-dist/tex/latex/oberdiek/rerunfilecheck.sty
Package: rerunfilecheck 2016/05/16 v1.8 Rerun checks for auxiliary files (HO)
Package uniquecounter Info: New unique counter `rerunfilecheck' on input line 2
82.
)
\Hy@SectionHShift=\skip51
)
(/usr/share/texlive/texmf-dist/tex/latex/amsmath/amsmath.sty
Package: amsmath 2016/11/05 v2.16a AMS math features
\@mathmargin=\skip52

For additional information on amsmath, use the `?' option.
(/usr/share/texlive/texmf-dist/tex/latex/amsmath/amstext.sty
Package: amstext 2000/06/29 v2.01 AMS text

(/usr/share/texlive/texmf-dist/tex/latex/amsmath/amsgen.sty
File: amsgen.sty 1999/11/30 v2.0 generic functions
\@emptytoks=\toks22
\ex@=\dimen124
))
(/usr/share/texlive/texmf-dist/tex/latex/amsmath/amsbsy.sty
Package: amsbsy 1999/11/29 v1.2d Bold Symbols
\pmbraise@=\dimen125
)
(/usr/share/texlive/texmf-dist/tex/latex/amsmath/amsopn.sty
Package: amsopn 2016/03/08 v2.02 operator names
)
\inf@bad=\count104
LaTeX Info: Redefining \frac on input line 213.
\uproot@=\count105
\leftroot@=\count106
LaTeX Info: Redefining \overline on input line 375.
\classnum@=\count107
\DOTSCASE@=\count108
LaTeX Info: Redefining \ldots on input line 472.
LaTeX Info: Redefining \dots on input line 475.
LaTeX Info: Redefining \cdots on input line 596.
\Mathstrutbox@=\box26
\strutbox@=\box27
\big@size=\dimen126
LaTeX Font Info:    Redeclaring font encoding OML on input line 712.
LaTeX Font Info:    Redeclaring font encoding OMS on input line 713.
\macc@depth=\count109
\c@MaxMatrixCols=\count110
\dotsspace@=\muskip11
\c@parentequation=\count111
\dspbrk@lvl=\count112
\tag@help=\toks23
\row@=\count113
\column@=\count114
\maxfields@=\count115
\andhelp@=\toks24
\eqnshift@=\dimen127
\alignsep@=\dimen128
\tagshift@=\dimen129
\tagwidth@=\dimen130
\totwidth@=\dimen131
\lineht@=\dimen132
\@envbody=\toks25
\multlinegap=\skip53
\multlinetaggap=\skip54
\mathdisplay@stack=\toks26
LaTeX Info: Redefining \[ on input line 2817.
LaTeX Info: Redefining \] on input line 2818.
)
(/usr/share/texlive/texmf-dist/tex/latex/float/float.sty
Package: float 2001/11/08 v1.3d Float enhancements (AL)
\c@float@type=\count116
\float@exts=\toks27
\float@box=\box28
\@float@everytoks=\toks28
\@floatcapt=\box29
)
(/usr/share/texlive/texmf-dist/tex/latex/xargs/xargs.sty
Package: xargs 2008/03/22 v1.1  extended macro definitions  (mpg)

(/usr/share/texlive/texmf-dist/tex/latex/xkeyval/xkeyval.sty
Package: xkeyval 2014/12/03 v2.7a package option processing (HA)

(/usr/share/texlive/texmf-dist/tex/generic/xkeyval/xkeyval.tex
(/usr/share/texlive/texmf-dist/tex/generic/xkeyval/xkvutils.tex
\XKV@toks=\toks29
\XKV@tempa@toks=\toks30
)
\XKV@depth=\count117
File: xkeyval.tex 2014/12/03 v2.7a key=value parser (HA)
))
\xargs@max=\count118
\xargs@toksa=\toks31
\xargs@toksb=\toks32
)
(/usr/share/texlive/texmf-dist/tex/latex/xcolor/xcolor.sty
Package: xcolor 2016/05/11 v2.12 LaTeX color extensions (UK)

(/usr/share/texlive/texmf-dist/tex/latex/graphics-cfg/color.cfg
File: color.cfg 2016/01/02 v1.6 sample color configuration
)
Package xcolor Info: Driver file: pdftex.def on input line 225.
Package xcolor Info: Model `cmy' substituted by `cmy0' on input line 1348.
Package xcolor Info: Model `hsb' substituted by `rgb' on input line 1352.
Package xcolor Info: Model `RGB' extended on input line 1364.
Package xcolor Info: Model `HTML' substituted by `rgb' on input line 1366.
Package xcolor Info: Model `Hsb' substituted by `hsb' on input line 1367.
Package xcolor Info: Model `tHsb' substituted by `hsb' on input line 1368.
Package xcolor Info: Model `HSB' substituted by `hsb' on input line 1369.
Package xcolor Info: Model `Gray' substituted by `gray' on input line 1370.
Package xcolor Info: Model `wave' substituted by `hsb' on input line 1371.

(/usr/share/texlive/texmf-dist/tex/latex/graphics/dvipsnam.def
File: dvipsnam.def 2016/06/17 v3.0m Driver-dependent file (DPC,SPQR)
))
(/usr/share/texlive/texmf-dist/tex/latex/todonotes/todonotes.sty
Package: todonotes 2015/07/09 .dtx Todonotes source and documentation.
Package: todonotes 2012/07/25

(/usr/share/texlive/texmf-dist/tex/latex/base/ifthen.sty
Package: ifthen 2014/09/29 v1.1c Standard LaTeX ifthen package (DPC)
)
(/usr/share/texlive/texmf-dist/tex/latex/pgf/frontendlayer/tikz.sty
(/usr/share/texlive/texmf-dist/tex/latex/pgf/basiclayer/pgf.sty
(/usr/share/texlive/texmf-dist/tex/latex/pgf/utilities/pgfrcs.sty
(/usr/share/texlive/texmf-dist/tex/generic/pgf/utilities/pgfutil-common.tex
\pgfutil@everybye=\toks33
\pgfutil@tempdima=\dimen133
\pgfutil@tempdimb=\dimen134

(/usr/share/texlive/texmf-dist/tex/generic/pgf/utilities/pgfutil-common-lists.t
ex)) (/usr/share/texlive/texmf-dist/tex/generic/pgf/utilities/pgfutil-latex.def
\pgfutil@abb=\box30
(/usr/share/texlive/texmf-dist/tex/latex/ms/everyshi.sty
Package: everyshi 2001/05/15 v3.00 EveryShipout Package (MS)
))
(/usr/share/texlive/texmf-dist/tex/generic/pgf/utilities/pgfrcs.code.tex
Package: pgfrcs 2015/08/07 v3.0.1a (rcs-revision 1.31)
))
Package: pgf 2015/08/07 v3.0.1a (rcs-revision 1.15)

(/usr/share/texlive/texmf-dist/tex/latex/pgf/basiclayer/pgfcore.sty
(/usr/share/texlive/texmf-dist/tex/latex/pgf/systemlayer/pgfsys.sty
(/usr/share/texlive/texmf-dist/tex/generic/pgf/systemlayer/pgfsys.code.tex
Package: pgfsys 2014/07/09 v3.0.1a (rcs-revision 1.48)

(/usr/share/texlive/texmf-dist/tex/generic/pgf/utilities/pgfkeys.code.tex
\pgfkeys@pathtoks=\toks34
\pgfkeys@temptoks=\toks35

(/usr/share/texlive/texmf-dist/tex/generic/pgf/utilities/pgfkeysfiltered.code.t
ex
\pgfkeys@tmptoks=\toks36
))
\pgf@x=\dimen135
\pgf@y=\dimen136
\pgf@xa=\dimen137
\pgf@ya=\dimen138
\pgf@xb=\dimen139
\pgf@yb=\dimen140
\pgf@xc=\dimen141
\pgf@yc=\dimen142
\w@pgf@writea=\write3
\r@pgf@reada=\read2
\c@pgf@counta=\count119
\c@pgf@countb=\count120
\c@pgf@countc=\count121
\c@pgf@countd=\count122
\t@pgf@toka=\toks37
\t@pgf@tokb=\toks38
\t@pgf@tokc=\toks39
 (/usr/share/texlive/texmf-dist/tex/generic/pgf/systemlayer/pgf.cfg
File: pgf.cfg 2008/05/14  (rcs-revision 1.7)
)
Driver file for pgf: pgfsys-pdftex.def

(/usr/share/texlive/texmf-dist/tex/generic/pgf/systemlayer/pgfsys-pdftex.def
File: pgfsys-pdftex.def 2014/10/11  (rcs-revision 1.35)

(/usr/share/texlive/texmf-dist/tex/generic/pgf/systemlayer/pgfsys-common-pdf.de
f
File: pgfsys-common-pdf.def 2013/10/10  (rcs-revision 1.13)
)))
(/usr/share/texlive/texmf-dist/tex/generic/pgf/systemlayer/pgfsyssoftpath.code.
tex
File: pgfsyssoftpath.code.tex 2013/09/09  (rcs-revision 1.9)
\pgfsyssoftpath@smallbuffer@items=\count123
\pgfsyssoftpath@bigbuffer@items=\count124
)
(/usr/share/texlive/texmf-dist/tex/generic/pgf/systemlayer/pgfsysprotocol.code.
tex
File: pgfsysprotocol.code.tex 2006/10/16  (rcs-revision 1.4)
))
(/usr/share/texlive/texmf-dist/tex/generic/pgf/basiclayer/pgfcore.code.tex
Package: pgfcore 2010/04/11 v3.0.1a (rcs-revision 1.7)

(/usr/share/texlive/texmf-dist/tex/generic/pgf/math/pgfmath.code.tex
(/usr/share/texlive/texmf-dist/tex/generic/pgf/math/pgfmathcalc.code.tex
(/usr/share/texlive/texmf-dist/tex/generic/pgf/math/pgfmathutil.code.tex)
(/usr/share/texlive/texmf-dist/tex/generic/pgf/math/pgfmathparser.code.tex
\pgfmath@dimen=\dimen143
\pgfmath@count=\count125
\pgfmath@box=\box31
\pgfmath@toks=\toks40
\pgfmath@stack@operand=\toks41
\pgfmath@stack@operation=\toks42
)
(/usr/share/texlive/texmf-dist/tex/generic/pgf/math/pgfmathfunctions.code.tex
(/usr/share/texlive/texmf-dist/tex/generic/pgf/math/pgfmathfunctions.basic.code
.tex)
(/usr/share/texlive/texmf-dist/tex/generic/pgf/math/pgfmathfunctions.trigonomet
ric.code.tex)
(/usr/share/texlive/texmf-dist/tex/generic/pgf/math/pgfmathfunctions.random.cod
e.tex)
(/usr/share/texlive/texmf-dist/tex/generic/pgf/math/pgfmathfunctions.comparison
.code.tex)
(/usr/share/texlive/texmf-dist/tex/generic/pgf/math/pgfmathfunctions.base.code.
tex)
(/usr/share/texlive/texmf-dist/tex/generic/pgf/math/pgfmathfunctions.round.code
.tex)
(/usr/share/texlive/texmf-dist/tex/generic/pgf/math/pgfmathfunctions.misc.code.
tex)
(/usr/share/texlive/texmf-dist/tex/generic/pgf/math/pgfmathfunctions.integerari
thmetics.code.tex)))
(/usr/share/texlive/texmf-dist/tex/generic/pgf/math/pgfmathfloat.code.tex
\c@pgfmathroundto@lastzeros=\count126
))
(/usr/share/texlive/texmf-dist/tex/generic/pgf/basiclayer/pgfcorepoints.code.te
x
File: pgfcorepoints.code.tex 2013/10/07  (rcs-revision 1.27)
\pgf@picminx=\dimen144
\pgf@picmaxx=\dimen145
\pgf@picminy=\dimen146
\pgf@picmaxy=\dimen147
\pgf@pathminx=\dimen148
\pgf@pathmaxx=\dimen149
\pgf@pathminy=\dimen150
\pgf@pathmaxy=\dimen151
\pgf@xx=\dimen152
\pgf@xy=\dimen153
\pgf@yx=\dimen154
\pgf@yy=\dimen155
\pgf@zx=\dimen156
\pgf@zy=\dimen157
)
(/usr/share/texlive/texmf-dist/tex/generic/pgf/basiclayer/pgfcorepathconstruct.
code.tex
File: pgfcorepathconstruct.code.tex 2013/10/07  (rcs-revision 1.29)
\pgf@path@lastx=\dimen158
\pgf@path@lasty=\dimen159
)
(/usr/share/texlive/texmf-dist/tex/generic/pgf/basiclayer/pgfcorepathusage.code
.tex
File: pgfcorepathusage.code.tex 2014/11/02  (rcs-revision 1.24)
\pgf@shorten@end@additional=\dimen160
\pgf@shorten@start@additional=\dimen161
)
(/usr/share/texlive/texmf-dist/tex/generic/pgf/basiclayer/pgfcorescopes.code.te
x
File: pgfcorescopes.code.tex 2015/05/08  (rcs-revision 1.46)
\pgfpic=\box32
\pgf@hbox=\box33
\pgf@layerbox@main=\box34
\pgf@picture@serial@count=\count127
)
(/usr/share/texlive/texmf-dist/tex/generic/pgf/basiclayer/pgfcoregraphicstate.c
ode.tex
File: pgfcoregraphicstate.code.tex 2014/11/02  (rcs-revision 1.12)
\pgflinewidth=\dimen162
)
(/usr/share/texlive/texmf-dist/tex/generic/pgf/basiclayer/pgfcoretransformation
s.code.tex
File: pgfcoretransformations.code.tex 2015/08/07  (rcs-revision 1.20)
\pgf@pt@x=\dimen163
\pgf@pt@y=\dimen164
\pgf@pt@temp=\dimen165
)
(/usr/share/texlive/texmf-dist/tex/generic/pgf/basiclayer/pgfcorequick.code.tex
File: pgfcorequick.code.tex 2008/10/09  (rcs-revision 1.3)
)
(/usr/share/texlive/texmf-dist/tex/generic/pgf/basiclayer/pgfcoreobjects.code.t
ex
File: pgfcoreobjects.code.tex 2006/10/11  (rcs-revision 1.2)
)
(/usr/share/texlive/texmf-dist/tex/generic/pgf/basiclayer/pgfcorepathprocessing
.code.tex
File: pgfcorepathprocessing.code.tex 2013/09/09  (rcs-revision 1.9)
)
(/usr/share/texlive/texmf-dist/tex/generic/pgf/basiclayer/pgfcorearrows.code.te
x
File: pgfcorearrows.code.tex 2015/05/14  (rcs-revision 1.43)
\pgfarrowsep=\dimen166
)
(/usr/share/texlive/texmf-dist/tex/generic/pgf/basiclayer/pgfcoreshade.code.tex
File: pgfcoreshade.code.tex 2013/07/15  (rcs-revision 1.15)
\pgf@max=\dimen167
\pgf@sys@shading@range@num=\count128
)
(/usr/share/texlive/texmf-dist/tex/generic/pgf/basiclayer/pgfcoreimage.code.tex
File: pgfcoreimage.code.tex 2013/07/15  (rcs-revision 1.18)

(/usr/share/texlive/texmf-dist/tex/generic/pgf/basiclayer/pgfcoreexternal.code.
tex
File: pgfcoreexternal.code.tex 2014/07/09  (rcs-revision 1.21)
\pgfexternal@startupbox=\box35
))
(/usr/share/texlive/texmf-dist/tex/generic/pgf/basiclayer/pgfcorelayers.code.te
x
File: pgfcorelayers.code.tex 2013/07/18  (rcs-revision 1.7)
)
(/usr/share/texlive/texmf-dist/tex/generic/pgf/basiclayer/pgfcoretransparency.c
ode.tex
File: pgfcoretransparency.code.tex 2013/09/30  (rcs-revision 1.5)
)
(/usr/share/texlive/texmf-dist/tex/generic/pgf/basiclayer/pgfcorepatterns.code.
tex
File: pgfcorepatterns.code.tex 2013/11/07  (rcs-revision 1.5)
)))
(/usr/share/texlive/texmf-dist/tex/generic/pgf/modules/pgfmoduleshapes.code.tex
File: pgfmoduleshapes.code.tex 2014/03/21  (rcs-revision 1.35)
\pgfnodeparttextbox=\box36
) (/usr/share/texlive/texmf-dist/tex/generic/pgf/modules/pgfmoduleplot.code.tex
File: pgfmoduleplot.code.tex 2015/08/03  (rcs-revision 1.13)
)
(/usr/share/texlive/texmf-dist/tex/latex/pgf/compatibility/pgfcomp-version-0-65
.sty
Package: pgfcomp-version-0-65 2007/07/03 v3.0.1a (rcs-revision 1.7)
\pgf@nodesepstart=\dimen168
\pgf@nodesepend=\dimen169
)
(/usr/share/texlive/texmf-dist/tex/latex/pgf/compatibility/pgfcomp-version-1-18
.sty
Package: pgfcomp-version-1-18 2007/07/23 v3.0.1a (rcs-revision 1.1)
)) (/usr/share/texlive/texmf-dist/tex/latex/pgf/utilities/pgffor.sty
(/usr/share/texlive/texmf-dist/tex/latex/pgf/utilities/pgfkeys.sty
(/usr/share/texlive/texmf-dist/tex/generic/pgf/utilities/pgfkeys.code.tex))
(/usr/share/texlive/texmf-dist/tex/latex/pgf/math/pgfmath.sty
(/usr/share/texlive/texmf-dist/tex/generic/pgf/math/pgfmath.code.tex))
(/usr/share/texlive/texmf-dist/tex/generic/pgf/utilities/pgffor.code.tex
Package: pgffor 2013/12/13 v3.0.1a (rcs-revision 1.25)

(/usr/share/texlive/texmf-dist/tex/generic/pgf/math/pgfmath.code.tex)
\pgffor@iter=\dimen170
\pgffor@skip=\dimen171
\pgffor@stack=\toks43
\pgffor@toks=\toks44
))
(/usr/share/texlive/texmf-dist/tex/generic/pgf/frontendlayer/tikz/tikz.code.tex
Package: tikz 2015/08/07 v3.0.1a (rcs-revision 1.151)

(/usr/share/texlive/texmf-dist/tex/generic/pgf/libraries/pgflibraryplothandlers
.code.tex
File: pgflibraryplothandlers.code.tex 2013/08/31 v3.0.1a (rcs-revision 1.20)
\pgf@plot@mark@count=\count129
\pgfplotmarksize=\dimen172
)
\tikz@lastx=\dimen173
\tikz@lasty=\dimen174
\tikz@lastxsaved=\dimen175
\tikz@lastysaved=\dimen176
\tikzleveldistance=\dimen177
\tikzsiblingdistance=\dimen178
\tikz@figbox=\box37
\tikz@figbox@bg=\box38
\tikz@tempbox=\box39
\tikz@tempbox@bg=\box40
\tikztreelevel=\count130
\tikznumberofchildren=\count131
\tikznumberofcurrentchild=\count132
\tikz@fig@count=\count133

(/usr/share/texlive/texmf-dist/tex/generic/pgf/modules/pgfmodulematrix.code.tex
File: pgfmodulematrix.code.tex 2013/09/17  (rcs-revision 1.8)
\pgfmatrixcurrentrow=\count134
\pgfmatrixcurrentcolumn=\count135
\pgf@matrix@numberofcolumns=\count136
)
\tikz@expandcount=\count137

(/usr/share/texlive/texmf-dist/tex/generic/pgf/frontendlayer/tikz/libraries/tik
zlibrarytopaths.code.tex
File: tikzlibrarytopaths.code.tex 2008/06/17 v3.0.1a (rcs-revision 1.2)
)))
(/usr/share/texlive/texmf-dist/tex/generic/pgf/frontendlayer/tikz/libraries/tik
zlibrarypositioning.code.tex
File: tikzlibrarypositioning.code.tex 2008/10/06 v3.0.1a (rcs-revision 1.7)
)
(/usr/share/texlive/texmf-dist/tex/latex/tools/calc.sty
Package: calc 2014/10/28 v4.3 Infix arithmetic (KKT,FJ)
\calc@Acount=\count138
\calc@Bcount=\count139
\calc@Adimen=\dimen179
\calc@Bdimen=\dimen180
\calc@Askip=\skip55
\calc@Bskip=\skip56
LaTeX Info: Redefining \setlength on input line 80.
LaTeX Info: Redefining \addtolength on input line 81.
\calc@Ccount=\count140
\calc@Cskip=\skip57
)
\c@@todonotes@numberoftodonotes=\count141
)
(/usr/share/texlive/texmf-dist/tex/latex/enumitem/enumitem.sty
Package: enumitem 2011/09/28 v3.5.2 Customized lists
\labelindent=\skip58
\enit@outerparindent=\dimen181
\enit@toks=\toks45
\enit@inbox=\box41
\enitdp@description=\count142
)
(/usr/share/texlive/texmf-dist/tex/latex/multirow/multirow.sty
Package: multirow 2016/11/25 v2.2 Span multiple rows of a table
\multirow@colwidth=\skip59
\multirow@cntb=\count143
\multirow@dima=\skip60
\bigstrutjot=\dimen182
)
(./prmag2017.sty
Package `prmag2017' (ZETiIS PW Thesis) ver. 0.2 (Jan 2017)
) (./main.aux

LaTeX Warning: Label `fig:uxtouch' multiply defined.


LaTeX Warning: Label `tabRpi' multiply defined.


LaTeX Warning: Label `fig:uxtouch' multiply defined.

)
\openout1 = `main.aux'.

LaTeX Font Info:    Checking defaults for OML/cmm/m/it on input line 115.
LaTeX Font Info:    ... okay on input line 115.
LaTeX Font Info:    Checking defaults for T1/cmr/m/n on input line 115.
LaTeX Font Info:    ... okay on input line 115.
LaTeX Font Info:    Checking defaults for OT1/cmr/m/n on input line 115.
LaTeX Font Info:    ... okay on input line 115.
LaTeX Font Info:    Checking defaults for OMS/cmsy/m/n on input line 115.
LaTeX Font Info:    ... okay on input line 115.
LaTeX Font Info:    Checking defaults for OMX/cmex/m/n on input line 115.
LaTeX Font Info:    ... okay on input line 115.
LaTeX Font Info:    Checking defaults for U/cmr/m/n on input line 115.
LaTeX Font Info:    ... okay on input line 115.
LaTeX Font Info:    Checking defaults for OT4/cmr/m/n on input line 115.
LaTeX Font Info:    ... okay on input line 115.
LaTeX Font Info:    Checking defaults for PD1/pdf/m/n on input line 115.
LaTeX Font Info:    ... okay on input line 115.
 (/usr/share/texlive/texmf-dist/tex/context/base/mkii/supp-pdf.mkii
[Loading MPS to PDF converter (version 2006.09.02).]
\scratchcounter=\count144
\scratchdimen=\dimen183
\scratchbox=\box42
\nofMPsegments=\count145
\nofMParguments=\count146
\everyMPshowfont=\toks46
\MPscratchCnt=\count147
\MPscratchDim=\dimen184
\MPnumerator=\count148
\makeMPintoPDFobject=\count149
\everyMPtoPDFconversion=\toks47
) (/usr/share/texlive/texmf-dist/tex/latex/oberdiek/epstopdf-base.sty
Package: epstopdf-base 2016/05/15 v2.6 Base part for package epstopdf

(/usr/share/texlive/texmf-dist/tex/latex/oberdiek/grfext.sty
Package: grfext 2016/05/16 v1.2 Manage graphics extensions (HO)
)
Package epstopdf-base Info: Redefining graphics rule for `.eps' on input line 4
38.
Package grfext Info: Graphics extension search list:
(grfext)             [.pdf,.png,.jpg,.mps,.jpeg,.jbig2,.jb2,.PDF,.PNG,.JPG,.JPE
G,.JBIG2,.JB2,.eps]
(grfext)             \AppendGraphicsExtensions on input line 456.

(/usr/share/texlive/texmf-dist/tex/latex/latexconfig/epstopdf-sys.cfg
File: epstopdf-sys.cfg 2010/07/13 v1.3 Configuration of (r)epstopdf for TeX Liv
e
))
LaTeX Info: Redefining \celsius on input line 115.
Package gensymb Info: Faking symbols for \degree and \celsius on input line 115
.


Package gensymb Warning: Not defining \perthousand.

LaTeX Info: Redefining \ohm on input line 115.
Package gensymb Info: Using \Omega for \ohm on input line 115.

Package gensymb Warning: Not defining \micro.

\AtBeginShipoutBox=\box43
Package hyperref Info: Link coloring OFF on input line 115.
(/usr/share/texlive/texmf-dist/tex/latex/hyperref/nameref.sty
Package: nameref 2016/05/21 v2.44 Cross-referencing by name of section

(/usr/share/texlive/texmf-dist/tex/generic/oberdiek/gettitlestring.sty
Package: gettitlestring 2016/05/16 v1.5 Cleanup title references (HO)
)
\c@section@level=\count150
)
LaTeX Info: Redefining \ref on input line 115.
LaTeX Info: Redefining \pageref on input line 115.
LaTeX Info: Redefining \nameref on input line 115.

(./main.out) (./main.out)
\@outlinefile=\write4
\openout4 = `main.out'.

 ABD: EveryShipout initializing macros
Package hyperref Info: Option `pageanchor' set `false' on input line 119.
LaTeX Font Info:    Try loading font information for T1+phv on input line 119.

(/usr/share/texlive/texmf-dist/tex/latex/psnfss/t1phv.fd
File: t1phv.fd 2001/06/04 scalable font definitions for T1/phv.
)
<PWHead.png, id=260, 2015.53pt x 320.19624pt>
File: PWHead.png Graphic file (type png)
<use PWHead.png>
Package pdftex.def Info: PWHead.png  used on input line 119. on input line 119.

Package pdftex.def Info: Requested size: 455.24408pt x 72.31953pt on input line
 119.

Overfull \hbox (31.10086pt too wide) in paragraph at lines 119--119
[] 
 []

<inzhead.png, id=262, 1392.20125pt x 303.1325pt>
File: inzhead.png Graphic file (type png)
<use inzhead.png>
Package pdftex.def Info: inzhead.png  used on input line 119. on input line 119
.
Package pdftex.def Info: Requested size: 455.24408pt x 99.12282pt on input line
 119.

Overfull \hbox (31.10086pt too wide) in paragraph at lines 119--119
 [] 
 []

LaTeX Font Info:    Try loading font information for OML+plm on input line 119.

(/usr/share/texlive/texmf-dist/tex/latex/polski/omlplm.fd
File: omlplm.fd 2008/02/24 v1.2.1 Font defs for fonts PL (MW)
)
LaTeX Font Info:    Try loading font information for OMS+plsy on input line 119
.

(/usr/share/texlive/texmf-dist/tex/latex/polski/omsplsy.fd
File: omsplsy.fd 2008/02/24 v1.2.1 Font defs for fonts PL (MW)
)
LaTeX Font Info:    Try loading font information for OMX+plex on input line 119
.

(/usr/share/texlive/texmf-dist/tex/latex/polski/omxplex.fd
File: omxplex.fd 2008/02/24 v1.2.1 Font defs for fonts PL (MW)
)
LaTeX Font Info:    External font `plex10' loaded for size
(Font)              <12> on input line 119.
LaTeX Font Info:    External font `plex10' loaded for size
(Font)              <8> on input line 119.
LaTeX Font Info:    External font `plex10' loaded for size
(Font)              <6> on input line 119.
LaTeX Font Info:    Try loading font information for U+msa on input line 119.

(/usr/share/texlive/texmf-dist/tex/latex/amsfonts/umsa.fd
File: umsa.fd 2013/01/14 v3.01 AMS symbols A
)
LaTeX Font Info:    Try loading font information for U+msb on input line 119.

(/usr/share/texlive/texmf-dist/tex/latex/amsfonts/umsb.fd
File: umsb.fd 2013/01/14 v3.01 AMS symbols B
) [1

{/var/lib/texmf/fonts/map/pdftex/updmap/pdftex.map} <./PWHead.png> <./inzhead.p
ng (PNG copy)>]
[0

] (./streszczenia.tex
Underfull \hbox (badness 3128) in paragraph at lines 9--10
\T1/cmr/m/n/12 da-nych z wy-ko-rzy-sta-niem plat-formy Ra-sp-berry Pi. Gªów-nym
 ce-lem
 []

[1

] [1

]) [2

]
<oswiadcznie.pdf, id=284, pagebox=cropbox, 597.51233pt x 845.0471pt>
File: oswiadcznie.pdf Graphic file (type pdf)
<use oswiadcznie.pdf>
Package pdftex.def Info: oswiadcznie.pdf  used on input line 119. on input line
 119.
Package pdftex.def Info: Requested size: 512.1496pt x 724.328pt on input line 1
19.

Overfull \hbox (85.4794pt too wide) in paragraph at lines 119--119
[]|  [] 
 []


Underfull \vbox (badness 10000) has occurred while \output is active []

 [3

]
Overfull \vbox (30.828pt too high) has occurred while \output is active []


[4 <./oswiadcznie.pdf>] [5

] (./main.toc
LaTeX Font Info:    External font `plex10' loaded for size
(Font)              <10.95> on input line 2.
 [1




])
\tf@toc=\write5
\openout5 = `main.toc'.

 [2]
Package hyperref Info: Option `pageanchor' set `true' on input line 119.
 (./rozdzial-1.tex
Rozdzia\l  1.

Underfull \hbox (badness 3088) in paragraph at lines 8--10
\T1/cmr/m/n/12 i do-kªad-no±¢ ca-ªego sys-temu po-mia-ro-wego. Istot-nym aspek-
tem jest,
 []


Underfull \hbox (badness 2126) in paragraph at lines 11--12
\T1/cmr/m/n/12 naj-do-kªad-niej-szej in-for-ma-cji o cza-sie po-miaru i okre-si
e prób-ko-wa-nia.
 []


Underfull \hbox (badness 3281) in paragraph at lines 11--12
\T1/cmr/m/n/12 ogra-ni-cze-niem, wy-ni-ka-j¡-cym z za-sto-so-wa-nia tej plat-fo
rmy jest brak
 []

[1


]
Underfull \hbox (badness 2189) in paragraph at lines 20--21
\T1/cmr/m/n/12 ob-sªug¦ prze-twor-ni-ków i czuj-ni-ków po-mia-ro-wych pod-ª¡-cz
o-nych do
 []


Underfull \hbox (badness 1668) in paragraph at lines 23--24
[]\T1/cmr/m/n/12 Realizacja in-ter-fejsu po-zwa-la-j¡-cego na zdalne ste-ro-wa-
nie pro-ce-sem
 []


Underfull \hbox (badness 6300) in paragraph at lines 28--30
[]\T1/cmr/m/n/12 Podstawowym ce-lem pro-jektu byªo za-pro-jek-to-wa-nie i re-al
i-za-cja
 []


Underfull \hbox (badness 3482) in paragraph at lines 31--32
\T1/cmr/m/n/12 po-mia-rów zdal-nie za po-moc¡ apli-ka-cji w prze-gl¡-darce in-t
er-ne-to-wej.
 []


Underfull \hbox (badness 4013) in paragraph at lines 34--37
\T1/cmr/m/n/12 urz¡-dze« do-ª¡-cza-nych do plat-formy Ra-sp-berry Pi. W Roz-dzi
ale []3[]
 []

) (./rozdzial-2.tex [2]
Rozdzia\l  2.

Underfull \hbox (badness 2253) in paragraph at lines 7--8
\T1/cmr/m/n/12 la-bo-ra-to-ryj-nych. Cz¦-sto urz¡-dze-nia te pra-cuj¡ tylko pod
 okre-±lo-nym
 []


Underfull \hbox (badness 1874) in paragraph at lines 11--12
\T1/cmr/m/n/12 12-bitowy prze-twor-nik analogowo-cyfrowy prób-ku-j¡cy z cz¦-sto
-tli-wo-±ci¡
 []

<daq_ni_usb6008.jpeg, id=392, 769.87625pt x 699.61375pt>
File: daq_ni_usb6008.jpeg Graphic file (type jpg)
<use daq_ni_usb6008.jpeg>
Package pdftex.def Info: daq_ni_usb6008.jpeg  used on input line 15. on input l
ine 15.
Package pdftex.def Info: Requested size: 284.52756pt x 258.5648pt on input line
 15.

Underfull \hbox (badness 3907) in paragraph at lines 22--23
[]\T1/cmr/m/n/12 Kolejnym przy-kªa-dem sys-temu akwi-zy-cji da-nych jest przy-s
tawka
 []

[3

pdfTeX warning (ext4): destination with the same identifier (name{figure.2.1}) 
has been already used, duplicate ignored

\AtBegShi@Output ...ipout \box \AtBeginShipoutBox 
                                                  \fi \fi 
l.23 
      <./daq_ni_usb6008.jpeg>]
<analog_discovery2.png, id=401, 803.0pt x 803.0pt>
File: analog_discovery2.png Graphic file (type png)
<use analog_discovery2.png>
Package pdftex.def Info: analog_discovery2.png  used on input line 34. on input
 line 34.
Package pdftex.def Info: Requested size: 284.52756pt x 284.534pt on input line 
34.

Underfull \hbox (badness 5711) in paragraph at lines 40--41
[]\T1/cmr/m/n/12 Cena urz¡-dze-nia jest zbli-»ona do po-przed-niego przy-kªadu 
(ok.
 []


Underfull \hbox (badness 2285) in paragraph at lines 40--41
\T1/cmr/m/n/12 jest dar-mowe, co zna-cz¡co ob-ni»a koszt ca-ªego sys-temu. Nie 
mniej
 []


Underfull \hbox (badness 1953) in paragraph at lines 40--41
\T1/cmr/m/n/12 jed-nak sama przy-stawka Di-gi-lent Ana-log Di-sco-very 2 nie tw
o-rzy w
 []


Underfull \hbox (badness 7344) in paragraph at lines 45--47
\T1/cmr/m/n/12 cy-fro-wych jak i ana-lo-go-wych. Ze wzgl¦du na brak prze-twor-n
ika
 []


Underfull \hbox (badness 3590) in paragraph at lines 45--47
\T1/cmr/m/n/12 analogowo-cyfrowego na pªytce Ra-sp-berry Pi, ko-nieczne jest u»
y-cie
 []


Underfull \vbox (badness 7344) has occurred while \output is active []

 [4pdfTeX warning (ext4): destination with the same identifier (name{figure.2.2
}) has been already used, duplicate ignored

\AtBegShi@Output ...ipout \box \AtBeginShipoutBox 
                                                  \fi \fi 
l.47 
      <./analog_discovery2.png>]
Underfull \hbox (badness 1590) in paragraph at lines 53--56
[]\T1/cmr/m/n/12 System akwi-zy-cji da-nych po-wi-nien za-pew-nia¢ w miar¦ mo»-
li-wo-±ci
 []


Underfull \hbox (badness 1924) in paragraph at lines 53--56
\T1/cmr/m/n/12 ogra-ni-czon¡ do-kªad-no±¢ rz¦du kil-ku-dzie-si¦-ciu mi-kro-se-k
und za-le»n¡ od
 []

<rtc.png, id=410, 235.88126pt x 239.89626pt>
File: rtc.png Graphic file (type png)
<use rtc.png>
Package pdftex.def Info: rtc.png  used on input line 65. on input line 65.
Package pdftex.def Info: Requested size: 142.26378pt x 144.6856pt on input line
 65.

LaTeX Warning: `h' float specifier changed to `ht'.


Underfull \hbox (badness 1596) in paragraph at lines 72--73
\T1/cmr/m/n/12 gªówny oraz do-ª¡-cza-nej pªytki po-mia-ro-wej umo»-li-wia-j¡-ce
j pod-ª¡-cze-nie
 []


Underfull \vbox (badness 10000) has occurred while \output is active []

 [5]
<rpi.JPG, id=417, 1218.80344pt x 813.0375pt>
File: rpi.JPG Graphic file (type jpg)
<use rpi.JPG>
Package pdftex.def Info: rpi.JPG  used on input line 77. on input line 77.
Package pdftex.def Info: Requested size: 398.33858pt x 265.72276pt on input lin
e 77.

Overfull \hbox (8.33858pt too wide) in paragraph at lines 77--78
 [][] 
 []

[6pdfTeX warning (ext4): destination with the same identifier (name{figure.2.3}
) has been already used, duplicate ignored

\AtBegShi@Output ...ipout \box \AtBeginShipoutBox 
                                                  \fi \fi 
l.81 \newpage
             pdfTeX warning (ext4): destination with the same identifier (name{
figure.2.4}) has been already used, duplicate ignored

\AtBegShi@Output ...ipout \box \AtBeginShipoutBox 
                                                  \fi \fi 
l.81 \newpage
              <./rtc.png> <./rpi.JPG>]
Underfull \hbox (badness 4120) in paragraph at lines 113--115
[]\T1/cmr/m/n/12 Ze wzgl¦du na maªe ró»-nice w ce-nie i za-ªo-»e-nie za-sto-so-
wa-nia
 []

<rpipinout.png, id=426, 222.62483pt x 152.2931pt>
File: rpipinout.png Graphic file (type png)
<use rpipinout.png>
Package pdftex.def Info: rpipinout.png  used on input line 145. on input line 1
45.
Package pdftex.def Info: Requested size: 341.43306pt x 233.59792pt on input lin
e 145.

LaTeX Warning: `h' float specifier changed to `ht'.


Underfull \hbox (badness 3250) in paragraph at lines 157--159
\T1/cmr/m/n/12 Za-sto-so-wa-nie prze-twor-nika analogowo-cyfrowego po-zwala na 
zbie-ra-nie
 []


Underfull \hbox (badness 1946) in paragraph at lines 157--159
\T1/cmr/m/n/12 da-nych z czuj-ni-ków ana-lo-go-wych. Czuj-niki cy-frowe pod-ª¡-
czone przez
 []

[7pdfTeX warning (ext4): destination with the same identifier (name{table.2.1})
 has been already used, duplicate ignored

\AtBegShi@Output ...ipout \box \AtBeginShipoutBox 
                                                  \fi \fi 
l.159 
      pdfTeX warning (ext4): destination with the same identifier (name{table.2
.2}) has been already used, duplicate ignored

\AtBegShi@Output ...ipout \box \AtBeginShipoutBox 
                                                  \fi \fi 
l.159 
      ]
Underfull \hbox (badness 10000) in paragraph at lines 166--168
[]\T1/cmr/m/n/12 Oprogramowanie po-winno umo»-li-wia¢ prze-pro-wa-dze-nie wy-da
j-nej
 []


Underfull \hbox (badness 5711) in paragraph at lines 166--168
\T1/cmr/m/n/12 wy-±wie-tla-nie da-nych i usta-wie-nie kon-fi-gu-ra-cji pa-ra-me
-trów po-miaru
 []


Underfull \hbox (badness 3148) in paragraph at lines 166--168
\T1/cmr/m/n/12 udo-st¦p-nia in-ter-fejs po-zwa-la-j¡cy na zdalne uru-cho-mie-ni
e pro-gra-mów
 []


Underfull \hbox (badness 10000) in paragraph at lines 166--168
\T1/cmr/m/n/12 ob-sªu-gu-j¡-cych zbie-ra-nie da-nych z czuj-ni-ków na Ra-sp-ber
ry Pi.
 []

[8pdfTeX warning (ext4): destination with the same identifier (name{figure.2.5}
) has been already used, duplicate ignored

\AtBegShi@Output ...ipout \box \AtBeginShipoutBox 
                                                  \fi \fi 
l.168 \newpage
               <./rpipinout.png>]
Underfull \hbox (badness 1748) in paragraph at lines 170--172
[]\T1/cmr/m/n/12 Niezawodno±¢ dzia-ªa-nia sys-temu jest bar-dzo istotna w przy-
padku
 []


Underfull \hbox (badness 1755) in paragraph at lines 170--172
\T1/cmr/m/n/12 pracy au-to-no-micz-nej, wi¦c aby zdalny do-st¦p mógª by¢ za-pew
-niony,
 []


Underfull \hbox (badness 1803) in paragraph at lines 176--178
[]\T1/cmr/m/n/12 Protokóª MQTT jest opar-tym na pu-bli-ka-cji i sub-skryp-cji l
ek-kim
 []

) (./rozdzial-3.tex [9]
Rozdzia\l  3.

Underfull \hbox (badness 3449) in paragraph at lines 6--8
\T1/cmr/m/n/12 ukªa-dów jest do-pro-wa-dzone z wyj±¢ za-si-la-j¡-cych Ra-sp-ber
ry Pi. W
 []


Underfull \hbox (badness 1789) in paragraph at lines 6--8
\T1/cmr/m/n/12 wyj-±cia cy-frowe i ana-lo-gowe do pod-ª¡-cze-nia ze-wn¦trz-nych
 czuj-ni-ków.
 []


Underfull \hbox (badness 1859) in paragraph at lines 6--8
\T1/cmr/m/n/12 Wy-pro-wa-dzono tak»e wej-±cia in-ter-fejsu UART w celu ko-mu-ni
-ka-cji z
 []

<schplytki.png, id=448, 1076.22075pt x 472.76625pt>
File: schplytki.png Graphic file (type png)
<use schplytki.png>
Package pdftex.def Info: schplytki.png  used on input line 12. on input line 12
.
Package pdftex.def Info: Requested size: 369.88582pt x 162.48413pt on input lin
e 12.
[10

pdfTeX warning (ext4): destination with the same identifier (name{figure.3.1}) 
has been already used, duplicate ignored

\AtBegShi@Output ...ipout \box \AtBeginShipoutBox 
                                                  \fi \fi 
l.16 \newpage
              <./schplytki.png>]
<plytka3d.png, id=455, 835.32076pt x 459.51675pt>
File: plytka3d.png Graphic file (type png)
<use plytka3d.png>
Package pdftex.def Info: plytka3d.png  used on input line 21. on input line 21.

Package pdftex.def Info: Requested size: 284.52756pt x 156.5211pt on input line
 21.

Underfull \hbox (badness 7451) in paragraph at lines 26--27
\T1/cmr/m/n/12 wzgl¦-dem kosztu pod-j¦to de-cy-zj¦ zmon-to-wa-nia ukªadu na pªy
tce
 []

<rpihat.jpg, id=457, 451.6875pt x 451.6875pt>
File: rpihat.jpg Graphic file (type jpg)
<use rpihat.jpg>
Package pdftex.def Info: rpihat.jpg  used on input line 30. on input line 30.
Package pdftex.def Info: Requested size: 341.43306pt x 341.45273pt on input lin
e 30.
[11pdfTeX warning (ext4): destination with the same identifier (name{figure.3.2
}) has been already used, duplicate ignored

\AtBegShi@Output ...ipout \box \AtBeginShipoutBox 
                                                  \fi \fi 
l.41 \item c
            ena ukÅadu,pdfTeX warning (ext4): destination with the same identi
fier (name{figure.3.3}) has been already used, duplicate ignored

\AtBegShi@Output ...ipout \box \AtBeginShipoutBox 
                                                  \fi \fi 
l.41 \item c
            ena ukÅadu, <./plytka3d.png> <./rpihat.jpg>]
<max1202_sch.png, id=466, 1178.4025pt x 893.3375pt>
File: max1202_sch.png Graphic file (type png)
<use max1202_sch.png>
Package pdftex.def Info: max1202_sch.png  used on input line 56. on input line 
56.
Package pdftex.def Info: Requested size: 284.52756pt x 215.70033pt on input lin
e 56.
 [12pdfTeX warning (ext4): destination with the same identifier (name{figure.3.
4}) has been already used, duplicate ignored

\AtBegShi@Output ...ipout \box \AtBeginShipoutBox 
                                                  \fi \fi 
l.60 \newpage
              <./max1202_sch.png>]
Underfull \hbox (badness 6825) in paragraph at lines 61--62
\T1/cmr/m/n/12 li-niach in-ter-fejsu w trak-cie jed-nej kon-wer-sji na-pi¦-cia.
 Jak wi-da¢
 []

<max1202time.png, id=476, 1246.6575pt x 408.52625pt>
File: max1202time.png Graphic file (type png)
<use max1202time.png>
Package pdftex.def Info: max1202time.png  used on input line 66. on input line 
66.
Package pdftex.def Info: Requested size: 398.33858pt x 130.53159pt on input lin
e 66.

Overfull \hbox (8.33858pt too wide) in paragraph at lines 66--67
 [][] 
 []

<mcp3424_fun.png, id=477, 838.13126pt x 520.94624pt>
File: mcp3424_fun.png Graphic file (type png)
<use mcp3424_fun.png>
Package pdftex.def Info: mcp3424_fun.png  used on input line 78. on input line 
78.
Package pdftex.def Info: Requested size: 284.52756pt x 176.8491pt on input line
 78.

Overfull \hbox (15.8681pt too wide) in paragraph at lines 86--105
[][]
 []


Underfull \hbox (badness 3148) in paragraph at lines 111--113
[]\T1/cmr/m/n/12 Interfejs sze-re-gowy SPI (z ang. Se-rial Pe-ri-phe-ral In-ter
-face) jest
 []


Underfull \hbox (badness 5403) in paragraph at lines 111--113
\T1/cmr/m/n/12 po-mi¦-dzy sys-te-mem mi-kro-pro-ce-so-ro-wym, a ukªa-dami pe-ry
-fe-ryj-nymi.
 []


Underfull \hbox (badness 2253) in paragraph at lines 111--113
\T1/cmr/m/n/12 In-ter-fejs po-zwala na pod-ª¡-cze-nie tylko jed-nego ukªadu typ
u Ma-ster
 []

[13pdfTeX warning (ext4): destination with the same identifier (name{figure.3.5
}) has been already used, duplicate ignored

\AtBegShi@Output ...ipout \box \AtBeginShipoutBox 
                                                  \fi \fi 
l.113 
      pdfTeX warning (ext4): destination with the same identifier (name{figure.
3.6}) has been already used, duplicate ignored

\AtBegShi@Output ...ipout \box \AtBeginShipoutBox 
                                                  \fi \fi 
l.113 
       <./max1202time.png> <./mcp3424_fun.png>]
Underfull \hbox (badness 3049) in paragraph at lines 123--124
[]\T1/cmr/m/n/12 Przetwornik, któ-rego u»yto jest w sta-nie ko-mu-ni-ko-wa¢ si¦
 przy
 []

LaTeX Font Info:    External font `plex10' loaded for size
(Font)              <14.4> on input line 126.
LaTeX Font Info:    External font `plex10' loaded for size
(Font)              <10> on input line 126.
LaTeX Font Info:    External font `plex10' loaded for size
(Font)              <7> on input line 126.

Package hyperref Warning: Token not allowed in a PDF string (PDFDocEncoding):
(hyperref)                removing `math shift' on input line 126.


Package hyperref Warning: Token not allowed in a PDF string (PDFDocEncoding):
(hyperref)                removing `superscript' on input line 126.


Package hyperref Warning: Token not allowed in a PDF string (PDFDocEncoding):
(hyperref)                removing `math shift' on input line 126.


Underfull \hbox (badness 2837) in paragraph at lines 138--139
\T1/cmr/m/n/12 ukªa-dów w sys-te-mie akwi-zy-cji da-nych. W ta-beli 3.1 przed-s
ta-wiono
 []

[14pdfTeX warning (ext4): destination with the same identifier (name{table.3.1}
) has been already used, duplicate ignored

\AtBegShi@Output ...ipout \box \AtBeginShipoutBox 
                                                  \fi \fi 
l.139 
      ]
Overfull \hbox (6.14413pt too wide) in paragraph at lines 143--159
[][]
 []


Underfull \hbox (badness 3758) in paragraph at lines 164--166
[]\T1/cmr/m/n/12 System akwi-zy-cji da-nych po-wi-nien da-wa¢ mo»-li-wo±¢ pod-ª
¡-cze-nia
 []


Underfull \hbox (badness 2903) in paragraph at lines 164--166
\T1/cmr/m/n/12 GPIO, w celu usta-wie-nia kon-fi-gu-ra-cji do-ª¡-czo-nego urz¡-d
ze-nia, b¡d¹
 []


Package hyperref Warning: Token not allowed in a PDF string (PDFDocEncoding):
(hyperref)                removing `math shift' on input line 167.


Package hyperref Warning: Token not allowed in a PDF string (PDFDocEncoding):
(hyperref)                removing `superscript' on input line 167.


Package hyperref Warning: Token not allowed in a PDF string (PDFDocEncoding):
(hyperref)                removing `math shift' on input line 167.

[15pdfTeX warning (ext4): destination with the same identifier (name{table.3.2}
) has been already used, duplicate ignored

\AtBegShi@Output ...ipout \box \AtBeginShipoutBox 
                                                  \fi \fi 
l.171 \newpage
              ]
<pololu.jpg, id=501, 451.6875pt x 361.35pt>
File: pololu.jpg Graphic file (type jpg)
<use pololu.jpg>
Package pdftex.def Info: pololu.jpg  used on input line 179. on input line 179.

Package pdftex.def Info: Requested size: 284.52756pt x 227.63516pt on input lin
e 179.

Underfull \hbox (badness 4595) in paragraph at lines 186--187
[]\T1/cmr/m/n/12 Moduª HTS221 za-wiera sen-sor wil-got-no-±ci i tem-pe-ra-tury 
firmy
 []

<hts221.jpg, id=502, 803.0pt x 803.0pt>
File: hts221.jpg Graphic file (type jpg)
<use hts221.jpg>
Package pdftex.def Info: hts221.jpg  used on input line 190. on input line 190.

Package pdftex.def Info: Requested size: 227.62204pt x 227.61984pt on input lin
e 190.

Underfull \vbox (badness 10000) has occurred while \output is active []

 [16pdfTeX warning (ext4): destination with the same identifier (name{figure.3.
7}) has been already used, duplicate ignored

\AtBegShi@Output ...ipout \box \AtBeginShipoutBox 
                                                  \fi \fi 
l.194 
       <./pololu.jpg>]
<rpiczujniki.png, id=509, 3059.43pt x 2673.99pt>
File: rpiczujniki.png Graphic file (type png)
<use rpiczujniki.png>
Package pdftex.def Info: rpiczujniki.png  used on input line 199. on input line
 199.
Package pdftex.def Info: Requested size: 284.52756pt x 248.64586pt on input lin
e 199.
) (./rozdzial-4.tex [17pdfTeX warning (ext4): destination with the same identif
ier (name{figure.3.8}) has been already used, duplicate ignored

\AtBegShi@Output ...ipout \box \AtBeginShipoutBox 
                                                  \fi \fi 
l.1 \chapter{Oprogramowanie}
                            pdfTeX warning (ext4): destination with the same id
entifier (name{figure.3.9}) has been already used, duplicate ignored

\AtBegShi@Output ...ipout \box \AtBeginShipoutBox 
                                                  \fi \fi 
l.1 \chapter{Oprogramowanie}
                             <./hts221.jpg> <./rpiczujniki.png (PNG copy)>]
Rozdzia\l  4.

Underfull \hbox (badness 1484) in paragraph at lines 8--11
\T1/cmr/m/n/12 Z punktu wi-dze-nia apli-ka-cji u»yt-kow-nika nie wia-domo kiedy
 na-st¡pi
 []


Underfull \hbox (badness 1565) in paragraph at lines 8--11
\T1/cmr/m/n/12 wy-wªasz-cze-nie i na jak dªugo. Jest to pro-ble-ma-tyczne w prz
y-padku
 []


Underfull \hbox (badness 1675) in paragraph at lines 8--11
\T1/cmr/m/n/12 jak Fre-eR-TOS lub Chi-biOS. Sys-temy ope-ra-cyjne czasu rze-czy
-wi-stego
 []

<buildroot_katalogi.png, id=518, 966.61125pt x 623.32875pt>
File: buildroot_katalogi.png Graphic file (type png)
<use buildroot_katalogi.png>
Package pdftex.def Info: buildroot_katalogi.png  used on input line 17. on inpu
t line 17.
Package pdftex.def Info: Requested size: 369.88582pt x 238.52234pt on input lin
e 17.

LaTeX Warning: `h' float specifier changed to `ht'.


Underfull \hbox (badness 5924) in paragraph at lines 22--24
\T1/cmr/m/n/12 jest do-st¦pny w ±ro-do-wi-sku Bu-il-droot dla 64-bitowej ar-chi
-tek-tury
 []

[18

]
<buildroot_menu.png, id=526, 1275.76625pt x 844.15375pt>
File: buildroot_menu.png Graphic file (type png)
<use buildroot_menu.png>
Package pdftex.def Info: buildroot_menu.png  used on input line 31. on input li
ne 31.
Package pdftex.def Info: Requested size: 369.88582pt x 244.7468pt on input line
 31.


LaTeX Warning: `h' float specifier changed to `ht'.


Underfull \hbox (badness 10000) in paragraph at lines 38--39
\T1/cmr/m/n/12 Skªada si¦ z kom-pi-la-tora, lin-kera oraz bi-blio-tek da-nego j
¦-zyka
 []


Underfull \hbox (badness 4505) in paragraph at lines 38--39
\T1/cmr/m/n/12 pro-gra-mo-wa-nia. W ±ro-do-wi-sku Bu-il-droot u»yt-kow-nik ma m
o»-li-wos¢
 []

[19pdfTeX warning (ext4): destination with the same identifier (name{figure.4.1
}) has been already used, duplicate ignored

\AtBegShi@Output ...ipout \box \AtBeginShipoutBox 
                                                  \fi \fi 
l.48 
      <./buildroot_katalogi.png>]
Underfull \hbox (badness 1577) in paragraph at lines 52--54
\T1/cmr/m/n/12 wy-daj-nej pracy pro-gra-mom o ±ci-sªym re-»i-mie cza-so-wym w p
ro-jek-cie
 []


Underfull \hbox (badness 4995) in paragraph at lines 57--59
\T1/cmr/m/n/12 MAX1202. U»yt-kow-nik po-wi-nien mie¢ mo»-li-wo±¢ usta-wie-nia o
kresu
 []

[20pdfTeX warning (ext4): destination with the same identifier (name{figure.4.2
}) has been already used, duplicate ignored

\AtBegShi@Output ...ipout \box \AtBeginShipoutBox 
                                                  \fi \fi 
l.60 K
      omunikacja sterownika z aplikacjÄ jest zapewniona poprzez urzÄdzenie...
 <./buildroot_menu.png>]
Underfull \hbox (badness 1968) in paragraph at lines 64--66
\T1/cmr/m/n/12 przez licz-nik uru-cha-miana jest funk-cja ob-sªugi prze-rwa-nia
, na-st¦-puje
 []


Underfull \hbox (badness 3826) in paragraph at lines 73--76
[]\T1/cmr/m/n/12 Aby otrzy-ma¢ do-kªadn¡ in-for-ma-cj¦ o cza-sie po-bra-nia pró
bki z
 []


Underfull \hbox (badness 1558) in paragraph at lines 73--76
\T1/cmr/m/n/12 czasu NTP (z ang. Ne-twork Time Pro-to-col). Do-my±l-nie w sys-t
e-mie
 []

[21]
Underfull \hbox (badness 1681) in paragraph at lines 82--83
\T1/cmr/m/n/12 do-kªad-no±¢ tego roz-wi¡-za-nia ma wpªyw fakt, i» znacz-nik cza
su jest
 []


Underfull \hbox (badness 1629) in paragraph at lines 91--92
\T1/cmr/m/n/12 /boot/overlays, a na-st¦p-nie do-pi-sano w pliku /boot/config.tx
t na-zw¦
 []


Underfull \hbox (badness 3942) in paragraph at lines 91--92
\T1/cmr/m/n/12 na-kªadki. Po-dane w na-kªadce pa-ra-me-try trans-mi-sji da-nych
 mi¦-dzy
 []


Underfull \hbox (badness 7468) in paragraph at lines 96--98
[]\T1/cmr/m/n/12 Raspbian za-wiera mo-duª do j¡-dra ob-sªu-gu-j¡cy licz-nik ukª
adu
 []


Underfull \hbox (badness 3078) in paragraph at lines 96--98
\T1/cmr/m/it/12 watch-dog\T1/cmr/m/n/12 . Aby uak-tyw-ni¢ ukªad na-le»y do-da¢ 
pa-ra-metr do drzewa
 []


Underfull \hbox (badness 10000) in paragraph at lines 96--98
\T1/cmr/m/n/12 urz¡-dze« za po-moc¡ wpi-sa-nia \T1/cmr/m/it/12 dtpa-ram=watchdo
g=on \T1/cmr/m/n/12 w pliku
 []


Underfull \hbox (badness 10000) in paragraph at lines 96--98
\T1/cmr/m/n/12 /etc/modprobe.d/bcm2835-wdt.conf mo»na zde-fi-nio-wa¢ czas braku

 []


Underfull \hbox (badness 5403) in paragraph at lines 96--98
\T1/cmr/m/n/12 stwo-rzy¢ jesz-cze plik /etc/modprobe.d/bcm2835-wdt.conf za-wie-
ra-j¡cy
 []


Underfull \hbox (badness 1721) in paragraph at lines 102--103
[]\T1/cmr/m/n/12 Programy u»yt-kow-nika umo»-li-wiaj¡ wy-±wie-tle-nie da-nych z
e-bra-nych
 []


Underfull \vbox (badness 10000) has occurred while \output is active []

 [22]
Underfull \hbox (badness 2894) in paragraph at lines 110--111
[]\T1/cmr/m/n/12 W celu ob-sªu-»e-nia czuj-ni-ków pod-ª¡-cza-nych przez ma-gi-s
tral¦ I$[]$C
 []


Underfull \hbox (badness 2762) in paragraph at lines 110--111
\T1/cmr/m/n/12 wy-ko-rzy-stano mo-duª \T1/cmr/m/it/12 i2cdev\T1/cmr/m/n/12 . Mo
-duª ten po-zwala na od-czyt da-nych
 []

<i2cdetect.png, id=559, 977.6525pt x 574.145pt>
File: i2cdetect.png Graphic file (type png)
<use i2cdetect.png>
Package pdftex.def Info: i2cdetect.png  used on input line 116. on input line 1
16.
Package pdftex.def Info: Requested size: 369.88582pt x 217.22244pt on input lin
e 116.

LaTeX Warning: `h' float specifier changed to `ht'.


Underfull \hbox (badness 2460) in paragraph at lines 124--129
\T1/cmr/m/n/12 apli-ka-cji klienta sub-scribe.py za-warty te-mat sub-skryb-cji,
 który musi
 []


Underfull \hbox (badness 3118) in paragraph at lines 124--129
\T1/cmr/m/n/12 by¢ zgodny z te-ma-tem za-war-tym w apli-ka-cji pu-bli-ku-j¡-cej
 dane[[]]
 []

[23]
<aplikacjaWeb.png, id=569, 493.845pt x 393.47pt>
File: aplikacjaWeb.png Graphic file (type png)
<use aplikacjaWeb.png>
Package pdftex.def Info: aplikacjaWeb.png  used on input line 139. on input lin
e 139.
Package pdftex.def Info: Requested size: 284.52756pt x 226.69377pt on input lin
e 139.

Underfull \vbox (badness 6559) has occurred while \output is active []

 [24pdfTeX warning (ext4): destination with the same identifier (name{figure.4.
3}) has been already used, duplicate ignored

\AtBegShi@Output ...ipout \box \AtBeginShipoutBox 
                                                  \fi \fi 
l.146 
      pdfTeX warning (ext4): destination with the same identifier (name{figure.
4.4}) has been already used, duplicate ignored

\AtBegShi@Output ...ipout \box \AtBeginShipoutBox 
                                                  \fi \fi 
l.146 
       <./i2cdetect.png> <./aplikacjaWeb.png>]) (./rozdzial-5.tex [25]
Rozdzia\l  5.

Underfull \hbox (badness 6792) in paragraph at lines 4--5
\T1/cmr/m/n/12 Prze-pro-wa-dzono te-sty sprz¦tu i opro-gra-mo-wa-nia, spraw-dza
na byªa
 []


Underfull \hbox (badness 2762) in paragraph at lines 4--5
\T1/cmr/m/n/12 po-praw-no±¢ i nie-za-wod-no±¢ dzia-ªa-nia ca-ªego sys-temu z do
-ª¡-cza-nymi
 []


Underfull \hbox (badness 1769) in paragraph at lines 12--13
\T1/cmr/m/n/12 Fast Fo-urier Trans-form - szyb-kiej trans-for-maty Fo-uriera) s
y-gnaªu
 []


Underfull \hbox (badness 10000) in paragraph at lines 13--14
[]\T1/cmr/m/n/12 sprawdzenie do-kªad-no-±ci po-mia-rów przy u»y-ciu la-bo-ra-to
-ryj-nych
 []


Underfull \hbox (badness 10000) in paragraph at lines 20--21
[]\T1/cmr/m/n/12 Sprawdzenie pa-ra-me-trów po-miaru na-pi¦-cia prze-twor-nika
 []

<stanowisko.jpg, id=582, 4047.12pt x 3035.34pt>
File: stanowisko.jpg Graphic file (type jpg)
<use stanowisko.jpg>
Package pdftex.def Info: stanowisko.jpg  used on input line 24. on input line 2
4.
Package pdftex.def Info: Requested size: 369.88582pt x 277.38353pt on input lin
e 24.

Underfull \hbox (badness 6157) in paragraph at lines 25--25
 []\T1/cmr/m/n/10.95 Rysunek 5.1.[]Stanowisko po-mia-rowe do po-miaru na-pi¦-ci
a si-nu-so-idal-nego 
 []


LaTeX Warning: `h' float specifier changed to `ht'.


Underfull \hbox (badness 10000) in paragraph at lines 40--42
[]\T1/cmr/m/n/12 Po usta-wie-niu od-po-wied-niej kon-fi-gu-ra-cji prze-pro-wa-d
zono te-sty
 []


Underfull \hbox (badness 4859) in paragraph at lines 40--42
\T1/cmr/m/n/12 za-wie-sze-nie sys-temu z za-ªa-do-wa-nym mo-du-ªem. Oprócz kon-
soli \T1/cmr/m/it/12 ssh
 []

[26

]
Underfull \hbox (badness 5607) in paragraph at lines 51--55
[]\T1/cmr/m/n/12 Pomiar na-pi¦-cia si-nu-so-idal-nego i jego ana-liza cz¦-sto-t
li-wo-±ciowa,
 []


Underfull \hbox (badness 1629) in paragraph at lines 51--55
\T1/cmr/m/n/12 Z oscy-lo-skopu z funk-cj¡ ge-ne-ra-tora sy-gna-ªów wy-ge-ne-ro-
wano prze-bieg
 []

<sin_max1202_100Hz_adc.png, id=590, 1387.584pt x 735.7086pt>
File: sin_max1202_100Hz_adc.png Graphic file (type png)
<use sin_max1202_100Hz_adc.png>
Package pdftex.def Info: sin_max1202_100Hz_adc.png  used on input line 58. on i
nput line 58.
Package pdftex.def Info: Requested size: 398.33858pt x 211.19464pt on input lin
e 58.

Overfull \hbox (8.33858pt too wide) in paragraph at lines 58--59
[][]
 []

[27pdfTeX warning (ext4): destination with the same identifier (name{figure.5.1
}) has been already used, duplicate ignored

\AtBegShi@Output ...ipout \box \AtBeginShipoutBox 
                                                  \fi \fi 
l.61 \end{figure}
                  <./stanowisko.jpg>]
<sin_max1202_100Hz_osc.png, id=599, 659.46375pt x 416.55624pt>
File: sin_max1202_100Hz_osc.png Graphic file (type png)
<use sin_max1202_100Hz_osc.png>
Package pdftex.def Info: sin_max1202_100Hz_osc.png  used on input line 67. on i
nput line 67.
Package pdftex.def Info: Requested size: 341.43306pt x 215.67613pt on input lin
e 67.
<zmiennosc_probkowania_max1202.png, id=601, 648.9846pt x 346.896pt>
File: zmiennosc_probkowania_max1202.png Graphic file (type png)
<use zmiennosc_probkowania_max1202.png>
Package pdftex.def Info: zmiennosc_probkowania_max1202.png  used on input line 
76. on input line 76.
Package pdftex.def Info: Requested size: 398.33858pt x 212.92424pt on input lin
e 76.

Overfull \hbox (8.33858pt too wide) in paragraph at lines 76--77
 [][] 
 []


Underfull \hbox (badness 2865) in paragraph at lines 77--77
 []\T1/cmr/m/n/10.95 Rysunek 5.4.[]Charakterystyka zmien-no-±ci okresu prób-ko-
wa-nia przy u»y-ciu 
 []


LaTeX Warning: `h' float specifier changed to `ht'.

<rect_max1202_100Hz_adc.png, id=604, 1387.584pt x 735.7086pt>
File: rect_max1202_100Hz_adc.png Graphic file (type png)
<use rect_max1202_100Hz_adc.png>
Package pdftex.def Info: rect_max1202_100Hz_adc.png  used on input line 111. on
 input line 111.
Package pdftex.def Info: Requested size: 426.79134pt x 226.28238pt on input lin
e 111.

Overfull \hbox (36.79134pt too wide) in paragraph at lines 111--112
 [][] 
 []

[28pdfTeX warning (ext4): destination with the same identifier (name{figure.5.2
}) has been already used, duplicate ignored

\AtBegShi@Output ...ipout \box \AtBeginShipoutBox 
                                                  \fi \fi 
l.114 \end{figure}
                  pdfTeX warning (ext4): destination with the same identifier (
name{figure.5.3}) has been already used, duplicate ignored

\AtBegShi@Output ...ipout \box \AtBeginShipoutBox 
                                                  \fi \fi 
l.114 \end{figure}
                   <./sin_max1202_100Hz_adc.png> <./sin_max1202_100Hz_osc.png>]

LaTeX Warning: `h' float specifier changed to `ht'.

<rect_max1202_100Hz_osc.png, id=613, 803.0pt x 504.88625pt>
File: rect_max1202_100Hz_osc.png Graphic file (type png)
<use rect_max1202_100Hz_osc.png>
Package pdftex.def Info: rect_max1202_100Hz_osc.png  used on input line 119. on
 input line 119.
Package pdftex.def Info: Requested size: 341.43306pt x 214.67781pt on input lin
e 119.

LaTeX Warning: `h' float specifier changed to `ht'.


Underfull \hbox (badness 1590) in paragraph at lines 126--128
\T1/cmr/m/n/12 nu-me-rycz-nie, a na-st¦p-nie znie-ksztaª-cony po-przez do-da-ni
e do wek-tora
 []

<sin_fft_ideal.png, id=615, 651.8754pt x 376.5267pt>
File: sin_fft_ideal.png Graphic file (type png)
<use sin_fft_ideal.png>
Package pdftex.def Info: sin_fft_ideal.png  used on input line 132. on input li
ne 132.
Package pdftex.def Info: Requested size: 398.33858pt x 230.08887pt on input lin
e 132.

Overfull \hbox (8.33858pt too wide) in paragraph at lines 132--133
 [][] 
 []


Underfull \vbox (badness 10000) has occurred while \output is active []

 [29pdfTeX warning (ext4): destination with the same identifier (name{figure.5.
4}) has been already used, duplicate ignored

\AtBegShi@Output ...ipout \box \AtBeginShipoutBox 
                                                  \fi \fi 
l.136 
      pdfTeX warning (ext4): destination with the same identifier (name{table.5
.1}) has been already used, duplicate ignored

\AtBegShi@Output ...ipout \box \AtBeginShipoutBox 
                                                  \fi \fi 
l.136 
       <./zmiennosc_probkowania_max1202.png>]
Underfull \hbox (badness 2359) in paragraph at lines 137--138
[]\T1/cmr/m/n/12 W celu zba-da-nia sta-ªo-±ci cz¦-sto-tli-wo-±ci prób-ko-wa-nia
 prze-twor-nika
 []

<sin_fft_max1202.png, id=627, 654.0435pt x 375.0813pt>
File: sin_fft_max1202.png Graphic file (type png)
<use sin_fft_max1202.png>
Package pdftex.def Info: sin_fft_max1202.png  used on input line 142. on input 
line 142.
Package pdftex.def Info: Requested size: 398.33858pt x 228.43869pt on input lin
e 142.

Overfull \hbox (8.33858pt too wide) in paragraph at lines 142--143
[][]
 []


Underfull \vbox (badness 10000) has occurred while \output is active []

 [30pdfTeX warning (ext4): destination with the same identifier (name{figure.5.
5}) has been already used, duplicate ignored

\AtBegShi@Output ...ipout \box \AtBeginShipoutBox 
                                                  \fi \fi 
l.146 
      pdfTeX warning (ext4): destination with the same identifier (name{figure.
5.7}) has been already used, duplicate ignored

\AtBegShi@Output ...ipout \box \AtBeginShipoutBox 
                                                  \fi \fi 
l.146 
       <./rect_max1202_100Hz_adc.png> <./sin_fft_ideal.png>]
Underfull \hbox (badness 2359) in paragraph at lines 149--150
\T1/cmr/m/n/12 Tech-nik In-for-ma-cyj-nych po-ru-sza-j¡-cej si¦ po-mi¦-dzy pi¦-
trami -2. i 4.
 []


Underfull \hbox (badness 1642) in paragraph at lines 149--150
\T1/cmr/m/n/12 zgod-nie z wzo-rem ba-ro-me-trycz-nym wraz ze wzro-stem wy-so-ko
-±ci. Po
 []

<winda.png, id=636, 869.4081pt x 367.8543pt>
File: winda.png Graphic file (type png)
<use winda.png>
Package pdftex.def Info: winda.png  used on input line 154. on input line 154.
Package pdftex.def Info: Requested size: 398.33858pt x 168.54146pt on input lin
e 154.

Overfull \hbox (8.33858pt too wide) in paragraph at lines 154--155
 [][] 
 []


Underfull \vbox (badness 1668) has occurred while \output is active []

 [31pdfTeX warning (ext4): destination with the same identifier (name{figure.5.
6}) has been already used, duplicate ignored

\AtBegShi@Output ...ipout \box \AtBeginShipoutBox 
                                                  \fi \fi 
l.158 
      pdfTeX warning (ext4): destination with the same identifier (name{figure.
5.8}) has been already used, duplicate ignored

\AtBegShi@Output ...ipout \box \AtBeginShipoutBox 
                                                  \fi \fi 
l.158 
       <./rect_max1202_100Hz_osc.png (PNG copy)> <./sin_fft_max1202.png>]
Underfull \hbox (badness 3919) in paragraph at lines 161--163
\T1/cmr/m/n/12 prób-ko-wa-nia prze-pro-wa-dzono ana-liz¦ cz¦-sto-tli-wo-±ciow¡ 
sprób-ko-wa-nego
 []


Underfull \hbox (badness 7667) in paragraph at lines 161--163
\T1/cmr/m/n/12 zo-bra-zo-wano przy po-mocy pa-ra-me-tru od-chy-le-nia stan-dar-
do-wego z
 []


Underfull \hbox (badness 6978) in paragraph at lines 161--163
\T1/cmr/m/n/12 po-szcze-gól-nych od-st¦-pów cza-so-wych po-mi¦-dzy mo-men-tami 
ze-bra-nia
 []


Underfull \hbox (badness 3049) in paragraph at lines 174--175
\T1/cmr/m/n/12 pa-kie-tów numpy i mat-plo-tlib. S¡ to pa-kiety za-pew-nia-j¡ce 
in-ter-fejs
 []

) (./rozdzial-6.tex [32pdfTeX warning (ext4): destination with the same identif
ier (name{figure.5.9}) has been already used, duplicate ignored

\AtBegShi@Output ...ipout \box \AtBeginShipoutBox 
                                                  \fi \fi 
l.1 \chapter{Podsumowanie}
                           <./winda.png>]
Rozdzia\l  6.

Underfull \hbox (badness 2662) in paragraph at lines 5--6
[]\T1/cmr/m/n/12 Cel pracy zo-staª osi¡-gni¦ty, stwo-rzono pro-jekt i opro-gra-
mo-wa-nie
 []


Underfull \hbox (badness 1616) in paragraph at lines 5--6
\T1/cmr/m/n/12 speª-nione, ukªad jest du»o ta«-szy od roz-wi¡-za« ko-mer-cyj-ny
ch, które
 []


Underfull \hbox (badness 2189) in paragraph at lines 9--11
[]\T1/cmr/m/n/12 Sterowniki po-zo-sta-ªych urz¡-dze« ob-sªu-gi-wa-nych po ma-gi
-strali I$[]$C
 []


Underfull \hbox (badness 5592) in paragraph at lines 12--13
\T1/cmr/m/n/12 da-nych z za-cho-wa-niem jak naj-peª-niej-szej (w gra-ni-cach mo
»-li-wo-±ci
 []


Underfull \hbox (badness 1603) in paragraph at lines 14--15
\T1/cmr/m/n/12 Prze-twor-nik prze-te-sto-wano rów-nie» za po-moc¡ wªa-snego ste
-row-nika i
 []


Underfull \hbox (badness 1939) in paragraph at lines 16--17
\T1/cmr/m/n/12 mi-ni-kom-pu-te-rem do-st¦p-nym w ni-skiej ce-nie, za-pew-nia u»
yt-kow-ni-kowi
 []

[33

]) (./bibliografia.tex
Underfull \hbox (badness 4792) in paragraph at lines 19--1
\T1/cmr/m/n/12 jako sta-cja me-te-oro-lo-giczna z mo»-li-wo-±ci¡ zdal-nego do-s
t¦pu dzi¦ki
 []


Underfull \hbox (badness 3557) in paragraph at lines 19--1
\T1/cmr/m/n/12 ko-mu-ni-ka-cji sie-cio-wej. Roz-wi¡-za-nia za-warte w pro-jek-c
ie umo»-li-wiaj¡
 []

[34]) [35

]
Package atveryend Info: Empty hook `BeforeClearDocument' on input line 132.
Package atveryend Info: Empty hook `AfterLastShipout' on input line 132.
 (./main.aux)
Package atveryend Info: Executing hook `AtVeryEndDocument' on input line 132.
Package atveryend Info: Executing hook `AtEndAfterFileList' on input line 132.
Package rerunfilecheck Info: File `main.out' has not changed.
(rerunfilecheck)             Checksum: F11E5D7F248F4E771CD4F5F0108F0A5E;4687.


LaTeX Warning: There were multiply-defined labels.

Package atveryend Info: Empty hook `AtVeryVeryEnd' on input line 132.
 ) 
Here is how much of TeX's memory you used:
 18938 strings out of 492990
 341289 string characters out of 6135004
 420070 words of memory out of 5000000
 21880 multiletter control sequences out of 15000+600000
 31899 words of font info for 69 fonts, out of 8000000 for 9000
 1141 hyphenation exceptions out of 8191
 62i,9n,56p,1018b,483s stack positions out of 5000i,500n,10000p,200000b,80000s
{/usr/share/texlive/texmf-dist/fonts/enc/dvips/pl/plmi.enc}{/usr/share/texliv
e/texmf-dist/fonts/enc/dvips/pl/plme.enc}{/usr/share/texlive/texmf-dist/fonts/e
nc/dvips/pl/plrm.enc}{/usr/share/texmf/fonts/enc/dvips/cm-super/cm-super-t1.enc
}{/usr/share/texlive/texmf-dist/fonts/enc/dvips/pl/plms.enc}{/usr/share/texlive
/texmf-dist/fonts/enc/dvips/base/8r.enc}</usr/share/texlive/texmf-dist/fonts/ty
pe1/public/pl/plex10.pfb></usr/share/texlive/texmf-dist/fonts/type1/public/pl/p
lmi12.pfb></usr/share/texlive/texmf-dist/fonts/type1/public/pl/plmi8.pfb></usr/
share/texlive/texmf-dist/fonts/type1/public/pl/plr10.pfb></usr/share/texlive/te
xmf-dist/fonts/type1/public/pl/plr12.pfb></usr/share/texlive/texmf-dist/fonts/t
ype1/public/pl/plr8.pfb></usr/share/texlive/texmf-dist/fonts/type1/public/pl/pl
sy8.pfb></usr/share/texmf/fonts/type1/public/cm-super/sfbi1200.pfb></usr/share/
texmf/fonts/type1/public/cm-super/sfbx1095.pfb></usr/share/texmf/fonts/type1/pu
blic/cm-super/sfbx1200.pfb></usr/share/texmf/fonts/type1/public/cm-super/sfbx14
40.pfb></usr/share/texmf/fonts/type1/public/cm-super/sfbx2074.pfb></usr/share/t
exmf/fonts/type1/public/cm-super/sfrm1095.pfb></usr/share/texmf/fonts/type1/pub
lic/cm-super/sfrm1200.pfb></usr/share/texmf/fonts/type1/public/cm-super/sfti109
5.pfb></usr/share/texmf/fonts/type1/public/cm-super/sfti1200.pfb></usr/share/te
xlive/texmf-dist/fonts/type1/urw/helvetic/uhvr8a.pfb>
Output written on main.pdf (45 pages, 15225333 bytes).
PDF statistics:
 763 PDF objects out of 1000 (max. 8388607)
 643 compressed objects within 7 object streams
 150 named destinations out of 1000 (max. 500000)
 667 words of extra memory for PDF output out of 10000 (max. 10000000)

